[I 250614 08:30:48 smartConnect:496] Search successful. Found 1 trading symbols for the given query:
    1. exchange: NSE, tradingsymbol: HCLTECH-EQ, symboltoken: 7229
[I 250614 08:30:49 smartConnect:496] Search successful. Found 1 trading symbols for the given query:
    1. exchange: NSE, tradingsymbol: AURUM-EQ, symboltoken: 10310
[I 250614 09:05:57 smartConnect:496] Search successful. Found 1 trading symbols for the given query:
    1. exchange: NSE, tradingsymbol: HCLTECH-EQ, symboltoken: 7229
[I 250614 09:05:58 smartConnect:496] Search successful. Found 1 trading symbols for the given query:
    1. exchange: NSE, tradingsymbol: AURUM-EQ, symboltoken: 10310
[I 250614 09:06:14 smartConnect:496] Search successful. Found 1 trading symbols for the given query:
    1. exchange: NSE, tradingsymbol: TATACONSUM-EQ, symboltoken: 3432
[I 250614 14:39:49 smartConnect:496] Search successful. Found 1 trading symbols for the given query:
    1. exchange: NSE, tradingsymbol: WELSPUNLIV-EQ, symboltoken: 11253
[I 250614 14:39:50 smartConnect:496] Search successful. Found 1 trading symbols for the given query:
    1. exchange: NSE, tradingsymbol: SYNGENE-EQ, symboltoken: 10243
[I 250614 14:40:05 smartConnect:496] Search successful. Found 1 trading symbols for the given query:
    1. exchange: NSE, tradingsymbol: SAIL-EQ, symboltoken: 2963
[I 250614 14:40:06 smartConnect:496] Search successful. Found 1 trading symbols for the given query:
    1. exchange: NSE, tradingsymbol: GAIL-EQ, symboltoken: 4717
[I 250614 14:40:07 smartConnect:496] Search successful. Found 1 trading symbols for the given query:
    1. exchange: NSE, tradingsymbol: WELSPUNLIV-EQ, symboltoken: 11253
[I 250614 14:40:26 smartConnect:496] Search successful. Found 1 trading symbols for the given query:
    1. exchange: MCX, tradingsymbol: GOLD05AUG25FUT, symboltoken: 438425
[I 250614 14:40:38 smartConnect:496] Search successful. Found 1 trading symbols for the given query:
    1. exchange: MCX, tradingsymbol: SILVER04JUL25FUT, symboltoken: 436580
[I 250614 14:40:39 smartConnect:496] Search successful. Found 1 trading symbols for the given query:
    1. exchange: MCX, tradingsymbol: SILVER04JUL25FUT, symboltoken: 436580
[I 250614 14:40:40 smartConnect:496] Search successful. Found 1 trading symbols for the given query:
    1. exchange: NSE, tradingsymbol: HCLTECH-EQ, symboltoken: 7229
[I 250614 14:40:57 smartConnect:496] Search successful. Found 1 trading symbols for the given query:
    1. exchange: NSE, tradingsymbol: AURUM-EQ, symboltoken: 10310
[I 250614 15:11:10 smartConnect:496] Search successful. Found 1 trading symbols for the given query:
    1. exchange: MCX, tradingsymbol: SILVER04JUL25FUT, symboltoken: 436580
[I 250614 15:11:12 smartConnect:496] Search successful. Found 1 trading symbols for the given query:
    1. exchange: MCX, tradingsymbol: SILVER04JUL25FUT, symboltoken: 436580
[I 250614 15:11:28 smartConnect:496] Search successful. Found 1 trading symbols for the given query:
    1. exchange: NSE, tradingsymbol: HCLTECH-EQ, symboltoken: 7229
[I 250614 15:11:46 smartConnect:496] Search successful. Found 1 trading symbols for the given query:
    1. exchange: NSE, tradingsymbol: AURUM-EQ, symboltoken: 10310
[I 250614 16:56:04 smartConnect:496] Search successful. Found 1 trading symbols for the given query:
    1. exchange: MCX, tradingsymbol: SILVER04JUL25FUT, symboltoken: 436580
[I 250614 16:56:10 smartConnect:496] Search successful. Found 1 trading symbols for the given query:
    1. exchange: NSE, tradingsymbol: HCLTECH-EQ, symboltoken: 7229
[I 250614 16:56:27 smartConnect:496] Search successful. Found 1 trading symbols for the given query:
    1. exchange: NSE, tradingsymbol: AURUM-EQ, symboltoken: 10310
