[I 250626 13:08:14 smartConnect:124] in pool
[E 250626 13:08:16 smartWebSocketV2:906] DataException during search for token for SYMBOL (API Search: EXCHANGE, SYMBOL) in row 17 (Focus List): Couldn't parse the JSON response received from the server: b''. Raw content: Couldn't parse the JSON response received from the server: b'' (Attempt 1)
[E 250626 13:08:16 smartWebSocketV2:920] Failed to fetch token for SYMBOL (Focus List) after 5 attempts.
[E 250626 13:08:16 smartWebSocketV2:952] Token not found for Symbol in row 17 (Focus List). This symbol will be skipped for LTP updates, and not added to excel_symbol_details.
[E 250626 13:08:16 smartWebSocketV2:906] DataException during search for token for SYMBOL (API Search: EXCHANGE, SYMBOL) in row 17 (Full Positions): Couldn't parse the JSON response received from the server: b'Access denied because of exceeding access rate'. Raw content: Couldn't parse the JSON response received from the server: b'Access denied because of exceeding access rate' (Attempt 1)
[E 250626 13:08:18 smartWebSocketV2:906] DataException during search for token for SYMBOL (API Search: EXCHANGE, SYMBOL) in row 17 (Full Positions): Couldn't parse the JSON response received from the server: b''. Raw content: Couldn't parse the JSON response received from the server: b'' (Attempt 2)
[E 250626 13:08:18 smartWebSocketV2:920] Failed to fetch token for SYMBOL (Full Positions) after 5 attempts.
[E 250626 13:08:18 smartWebSocketV2:952] Token not found for Symbol in row 17 (Full Positions). This symbol will be skipped for LTP updates, and not added to excel_symbol_details.
[E 250626 13:08:19 smartWebSocketV2:906] DataException during search for token for SYMBOL (API Search: EXCHANGE, SYMBOL) in row 26 (Indices): Couldn't parse the JSON response received from the server: b''. Raw content: Couldn't parse the JSON response received from the server: b'' (Attempt 1)
[E 250626 13:08:19 smartWebSocketV2:920] Failed to fetch token for SYMBOL (Indices) after 5 attempts.
[E 250626 13:08:19 smartWebSocketV2:952] Token not found for Symbol in row 26 (Indices). This symbol will be skipped for LTP updates, and not added to excel_symbol_details.
[E 250626 13:08:19 smartWebSocketV2:906] DataException during search for token for SYMBOL (API Search: EXCHANGE, SYMBOL) in row 26 (Quarter Positions): Couldn't parse the JSON response received from the server: b'Access denied because of exceeding access rate'. Raw content: Couldn't parse the JSON response received from the server: b'Access denied because of exceeding access rate' (Attempt 1)
[E 250626 13:08:21 smartWebSocketV2:906] DataException during search for token for SYMBOL (API Search: EXCHANGE, SYMBOL) in row 26 (Quarter Positions): Couldn't parse the JSON response received from the server: b''. Raw content: Couldn't parse the JSON response received from the server: b'' (Attempt 2)
[E 250626 13:08:21 smartWebSocketV2:920] Failed to fetch token for SYMBOL (Quarter Positions) after 5 attempts.
[E 250626 13:08:21 smartWebSocketV2:952] Token not found for Symbol in row 26 (Quarter Positions). This symbol will be skipped for LTP updates, and not added to excel_symbol_details.
[E 250626 13:09:02 smartWebSocketV2:906] DataException during search for token for SYMBOL (API Search: EXCHANGE, SYMBOL) in row 17 (Focus List): Couldn't parse the JSON response received from the server: b''. Raw content: Couldn't parse the JSON response received from the server: b'' (Attempt 1)
[E 250626 13:09:02 smartWebSocketV2:920] Failed to fetch token for SYMBOL (Focus List) after 5 attempts.
[E 250626 13:09:02 smartWebSocketV2:952] Token not found for Symbol in row 17 (Focus List). This symbol will be skipped for LTP updates, and not added to excel_symbol_details.
[E 250626 13:09:02 smartWebSocketV2:906] DataException during search for token for SYMBOL (API Search: EXCHANGE, SYMBOL) in row 17 (Full Positions): Couldn't parse the JSON response received from the server: b'Access denied because of exceeding access rate'. Raw content: Couldn't parse the JSON response received from the server: b'Access denied because of exceeding access rate' (Attempt 1)
[E 250626 13:09:04 smartWebSocketV2:906] DataException during search for token for SYMBOL (API Search: EXCHANGE, SYMBOL) in row 17 (Full Positions): Couldn't parse the JSON response received from the server: b''. Raw content: Couldn't parse the JSON response received from the server: b'' (Attempt 2)
[E 250626 13:09:04 smartWebSocketV2:920] Failed to fetch token for SYMBOL (Full Positions) after 5 attempts.
[E 250626 13:09:04 smartWebSocketV2:952] Token not found for Symbol in row 17 (Full Positions). This symbol will be skipped for LTP updates, and not added to excel_symbol_details.
[E 250626 13:09:05 smartWebSocketV2:906] DataException during search for token for SYMBOL (API Search: EXCHANGE, SYMBOL) in row 26 (Indices): Couldn't parse the JSON response received from the server: b''. Raw content: Couldn't parse the JSON response received from the server: b'' (Attempt 1)
[E 250626 13:09:05 smartWebSocketV2:920] Failed to fetch token for SYMBOL (Indices) after 5 attempts.
[E 250626 13:09:05 smartWebSocketV2:952] Token not found for Symbol in row 26 (Indices). This symbol will be skipped for LTP updates, and not added to excel_symbol_details.
[E 250626 13:09:05 smartWebSocketV2:906] DataException during search for token for SYMBOL (API Search: EXCHANGE, SYMBOL) in row 26 (Quarter Positions): Couldn't parse the JSON response received from the server: b'Access denied because of exceeding access rate'. Raw content: Couldn't parse the JSON response received from the server: b'Access denied because of exceeding access rate' (Attempt 1)
[E 250626 13:09:07 smartWebSocketV2:906] DataException during search for token for SYMBOL (API Search: EXCHANGE, SYMBOL) in row 26 (Quarter Positions): Couldn't parse the JSON response received from the server: b''. Raw content: Couldn't parse the JSON response received from the server: b'' (Attempt 2)
[E 250626 13:09:07 smartWebSocketV2:920] Failed to fetch token for SYMBOL (Quarter Positions) after 5 attempts.
[E 250626 13:09:07 smartWebSocketV2:952] Token not found for Symbol in row 26 (Quarter Positions). This symbol will be skipped for LTP updates, and not added to excel_symbol_details.
[E 250626 13:09:50 smartWebSocketV2:906] DataException during search for token for SYMBOL (API Search: EXCHANGE, SYMBOL) in row 17 (Focus List): Couldn't parse the JSON response received from the server: b''. Raw content: Couldn't parse the JSON response received from the server: b'' (Attempt 1)
[E 250626 13:09:50 smartWebSocketV2:920] Failed to fetch token for SYMBOL (Focus List) after 5 attempts.
[E 250626 13:09:50 smartWebSocketV2:952] Token not found for Symbol in row 17 (Focus List). This symbol will be skipped for LTP updates, and not added to excel_symbol_details.
[E 250626 13:09:50 smartWebSocketV2:906] DataException during search for token for SYMBOL (API Search: EXCHANGE, SYMBOL) in row 17 (Full Positions): Couldn't parse the JSON response received from the server: b'Access denied because of exceeding access rate'. Raw content: Couldn't parse the JSON response received from the server: b'Access denied because of exceeding access rate' (Attempt 1)
[E 250626 13:09:52 smartWebSocketV2:906] DataException during search for token for SYMBOL (API Search: EXCHANGE, SYMBOL) in row 17 (Full Positions): Couldn't parse the JSON response received from the server: b''. Raw content: Couldn't parse the JSON response received from the server: b'' (Attempt 2)
[E 250626 13:09:52 smartWebSocketV2:920] Failed to fetch token for SYMBOL (Full Positions) after 5 attempts.
[E 250626 13:09:52 smartWebSocketV2:952] Token not found for Symbol in row 17 (Full Positions). This symbol will be skipped for LTP updates, and not added to excel_symbol_details.
[E 250626 13:09:53 smartWebSocketV2:906] DataException during search for token for SYMBOL (API Search: EXCHANGE, SYMBOL) in row 26 (Indices): Couldn't parse the JSON response received from the server: b''. Raw content: Couldn't parse the JSON response received from the server: b'' (Attempt 1)
[E 250626 13:09:53 smartWebSocketV2:920] Failed to fetch token for SYMBOL (Indices) after 5 attempts.
[E 250626 13:09:53 smartWebSocketV2:952] Token not found for Symbol in row 26 (Indices). This symbol will be skipped for LTP updates, and not added to excel_symbol_details.
[E 250626 13:09:53 smartWebSocketV2:906] DataException during search for token for SYMBOL (API Search: EXCHANGE, SYMBOL) in row 26 (Quarter Positions): Couldn't parse the JSON response received from the server: b'Access denied because of exceeding access rate'. Raw content: Couldn't parse the JSON response received from the server: b'Access denied because of exceeding access rate' (Attempt 1)
[E 250626 13:09:55 smartWebSocketV2:906] DataException during search for token for SYMBOL (API Search: EXCHANGE, SYMBOL) in row 26 (Quarter Positions): Couldn't parse the JSON response received from the server: b''. Raw content: Couldn't parse the JSON response received from the server: b'' (Attempt 2)
[E 250626 13:09:55 smartWebSocketV2:920] Failed to fetch token for SYMBOL (Quarter Positions) after 5 attempts.
[E 250626 13:09:55 smartWebSocketV2:952] Token not found for Symbol in row 26 (Quarter Positions). This symbol will be skipped for LTP updates, and not added to excel_symbol_details.
[E 250626 13:10:37 smartWebSocketV2:906] DataException during search for token for SYMBOL (API Search: EXCHANGE, SYMBOL) in row 17 (Focus List): Couldn't parse the JSON response received from the server: b''. Raw content: Couldn't parse the JSON response received from the server: b'' (Attempt 1)
[E 250626 13:10:37 smartWebSocketV2:920] Failed to fetch token for SYMBOL (Focus List) after 5 attempts.
[E 250626 13:10:37 smartWebSocketV2:952] Token not found for Symbol in row 17 (Focus List). This symbol will be skipped for LTP updates, and not added to excel_symbol_details.
[E 250626 13:10:38 smartWebSocketV2:906] DataException during search for token for SYMBOL (API Search: EXCHANGE, SYMBOL) in row 17 (Full Positions): Couldn't parse the JSON response received from the server: b''. Raw content: Couldn't parse the JSON response received from the server: b'' (Attempt 1)
[E 250626 13:10:38 smartWebSocketV2:920] Failed to fetch token for SYMBOL (Full Positions) after 5 attempts.
[E 250626 13:10:38 smartWebSocketV2:952] Token not found for Symbol in row 17 (Full Positions). This symbol will be skipped for LTP updates, and not added to excel_symbol_details.
[E 250626 13:10:38 smartWebSocketV2:906] DataException during search for token for SYMBOL (API Search: EXCHANGE, SYMBOL) in row 26 (Indices): Couldn't parse the JSON response received from the server: b'Access denied because of exceeding access rate'. Raw content: Couldn't parse the JSON response received from the server: b'Access denied because of exceeding access rate' (Attempt 1)
[E 250626 13:10:40 smartWebSocketV2:906] DataException during search for token for SYMBOL (API Search: EXCHANGE, SYMBOL) in row 26 (Indices): Couldn't parse the JSON response received from the server: b''. Raw content: Couldn't parse the JSON response received from the server: b'' (Attempt 2)
[E 250626 13:10:40 smartWebSocketV2:920] Failed to fetch token for SYMBOL (Indices) after 5 attempts.
[E 250626 13:10:40 smartWebSocketV2:952] Token not found for Symbol in row 26 (Indices). This symbol will be skipped for LTP updates, and not added to excel_symbol_details.
[E 250626 13:10:41 smartWebSocketV2:906] DataException during search for token for SYMBOL (API Search: EXCHANGE, SYMBOL) in row 26 (Quarter Positions): Couldn't parse the JSON response received from the server: b''. Raw content: Couldn't parse the JSON response received from the server: b'' (Attempt 1)
[E 250626 13:10:41 smartWebSocketV2:920] Failed to fetch token for SYMBOL (Quarter Positions) after 5 attempts.
[E 250626 13:10:41 smartWebSocketV2:952] Token not found for Symbol in row 26 (Quarter Positions). This symbol will be skipped for LTP updates, and not added to excel_symbol_details.
[E 250626 13:11:22 smartWebSocketV2:906] DataException during search for token for SYMBOL (API Search: EXCHANGE, SYMBOL) in row 17 (Focus List): Couldn't parse the JSON response received from the server: b''. Raw content: Couldn't parse the JSON response received from the server: b'' (Attempt 1)
[E 250626 13:11:22 smartWebSocketV2:920] Failed to fetch token for SYMBOL (Focus List) after 5 attempts.
[E 250626 13:11:22 smartWebSocketV2:952] Token not found for Symbol in row 17 (Focus List). This symbol will be skipped for LTP updates, and not added to excel_symbol_details.
[E 250626 13:11:23 smartWebSocketV2:906] DataException during search for token for SYMBOL (API Search: EXCHANGE, SYMBOL) in row 17 (Full Positions): Couldn't parse the JSON response received from the server: b''. Raw content: Couldn't parse the JSON response received from the server: b'' (Attempt 1)
[E 250626 13:11:23 smartWebSocketV2:920] Failed to fetch token for SYMBOL (Full Positions) after 5 attempts.
[E 250626 13:11:23 smartWebSocketV2:952] Token not found for Symbol in row 17 (Full Positions). This symbol will be skipped for LTP updates, and not added to excel_symbol_details.
[E 250626 13:11:23 smartWebSocketV2:906] DataException during search for token for SYMBOL (API Search: EXCHANGE, SYMBOL) in row 26 (Indices): Couldn't parse the JSON response received from the server: b'Access denied because of exceeding access rate'. Raw content: Couldn't parse the JSON response received from the server: b'Access denied because of exceeding access rate' (Attempt 1)
[E 250626 13:11:25 smartWebSocketV2:906] DataException during search for token for SYMBOL (API Search: EXCHANGE, SYMBOL) in row 26 (Indices): Couldn't parse the JSON response received from the server: b''. Raw content: Couldn't parse the JSON response received from the server: b'' (Attempt 2)
[E 250626 13:11:25 smartWebSocketV2:920] Failed to fetch token for SYMBOL (Indices) after 5 attempts.
[E 250626 13:11:25 smartWebSocketV2:952] Token not found for Symbol in row 26 (Indices). This symbol will be skipped for LTP updates, and not added to excel_symbol_details.
[E 250626 13:11:25 smartWebSocketV2:906] DataException during search for token for SYMBOL (API Search: EXCHANGE, SYMBOL) in row 26 (Quarter Positions): Couldn't parse the JSON response received from the server: b'Access denied because of exceeding access rate'. Raw content: Couldn't parse the JSON response received from the server: b'Access denied because of exceeding access rate' (Attempt 1)
[E 250626 13:11:28 smartWebSocketV2:906] DataException during search for token for SYMBOL (API Search: EXCHANGE, SYMBOL) in row 26 (Quarter Positions): Couldn't parse the JSON response received from the server: b''. Raw content: Couldn't parse the JSON response received from the server: b'' (Attempt 2)
[E 250626 13:11:28 smartWebSocketV2:920] Failed to fetch token for SYMBOL (Quarter Positions) after 5 attempts.
[E 250626 13:11:28 smartWebSocketV2:952] Token not found for Symbol in row 26 (Quarter Positions). This symbol will be skipped for LTP updates, and not added to excel_symbol_details.
[E 250626 13:12:21 smartWebSocketV2:906] DataException during search for token for SYMBOL (API Search: EXCHANGE, SYMBOL) in row 17 (Focus List): Couldn't parse the JSON response received from the server: b''. Raw content: Couldn't parse the JSON response received from the server: b'' (Attempt 1)
[E 250626 13:12:21 smartWebSocketV2:920] Failed to fetch token for SYMBOL (Focus List) after 5 attempts.
[E 250626 13:12:21 smartWebSocketV2:952] Token not found for Symbol in row 17 (Focus List). This symbol will be skipped for LTP updates, and not added to excel_symbol_details.
[E 250626 13:12:21 smartWebSocketV2:906] DataException during search for token for SYMBOL (API Search: EXCHANGE, SYMBOL) in row 17 (Full Positions): Couldn't parse the JSON response received from the server: b'Access denied because of exceeding access rate'. Raw content: Couldn't parse the JSON response received from the server: b'Access denied because of exceeding access rate' (Attempt 1)
[E 250626 13:12:24 smartWebSocketV2:906] DataException during search for token for SYMBOL (API Search: EXCHANGE, SYMBOL) in row 17 (Full Positions): Couldn't parse the JSON response received from the server: b''. Raw content: Couldn't parse the JSON response received from the server: b'' (Attempt 2)
[E 250626 13:12:24 smartWebSocketV2:920] Failed to fetch token for SYMBOL (Full Positions) after 5 attempts.
[E 250626 13:12:24 smartWebSocketV2:952] Token not found for Symbol in row 17 (Full Positions). This symbol will be skipped for LTP updates, and not added to excel_symbol_details.
[E 250626 13:12:24 smartWebSocketV2:906] DataException during search for token for SYMBOL (API Search: EXCHANGE, SYMBOL) in row 26 (Indices): Couldn't parse the JSON response received from the server: b'Access denied because of exceeding access rate'. Raw content: Couldn't parse the JSON response received from the server: b'Access denied because of exceeding access rate' (Attempt 1)
[E 250626 13:12:26 smartWebSocketV2:906] DataException during search for token for SYMBOL (API Search: EXCHANGE, SYMBOL) in row 26 (Indices): Couldn't parse the JSON response received from the server: b''. Raw content: Couldn't parse the JSON response received from the server: b'' (Attempt 2)
[E 250626 13:12:26 smartWebSocketV2:920] Failed to fetch token for SYMBOL (Indices) after 5 attempts.
[E 250626 13:12:26 smartWebSocketV2:952] Token not found for Symbol in row 26 (Indices). This symbol will be skipped for LTP updates, and not added to excel_symbol_details.
[E 250626 13:12:26 smartWebSocketV2:906] DataException during search for token for SYMBOL (API Search: EXCHANGE, SYMBOL) in row 26 (Quarter Positions): Couldn't parse the JSON response received from the server: b'Access denied because of exceeding access rate'. Raw content: Couldn't parse the JSON response received from the server: b'Access denied because of exceeding access rate' (Attempt 1)
[E 250626 13:12:29 smartWebSocketV2:906] DataException during search for token for SYMBOL (API Search: EXCHANGE, SYMBOL) in row 26 (Quarter Positions): Couldn't parse the JSON response received from the server: b''. Raw content: Couldn't parse the JSON response received from the server: b'' (Attempt 2)
[E 250626 13:12:29 smartWebSocketV2:920] Failed to fetch token for SYMBOL (Quarter Positions) after 5 attempts.
[E 250626 13:12:29 smartWebSocketV2:952] Token not found for Symbol in row 26 (Quarter Positions). This symbol will be skipped for LTP updates, and not added to excel_symbol_details.
[E 250626 13:14:24 smartWebSocketV2:906] DataException during search for token for SYMBOL (API Search: EXCHANGE, SYMBOL) in row 17 (Focus List): Couldn't parse the JSON response received from the server: b''. Raw content: Couldn't parse the JSON response received from the server: b'' (Attempt 1)
[E 250626 13:14:24 smartWebSocketV2:920] Failed to fetch token for SYMBOL (Focus List) after 5 attempts.
[E 250626 13:14:24 smartWebSocketV2:952] Token not found for Symbol in row 17 (Focus List). This symbol will be skipped for LTP updates, and not added to excel_symbol_details.
[E 250626 13:14:24 smartWebSocketV2:906] DataException during search for token for SYMBOL (API Search: EXCHANGE, SYMBOL) in row 17 (Full Positions): Couldn't parse the JSON response received from the server: b'Access denied because of exceeding access rate'. Raw content: Couldn't parse the JSON response received from the server: b'Access denied because of exceeding access rate' (Attempt 1)
[E 250626 13:14:26 smartWebSocketV2:906] DataException during search for token for SYMBOL (API Search: EXCHANGE, SYMBOL) in row 17 (Full Positions): Couldn't parse the JSON response received from the server: b''. Raw content: Couldn't parse the JSON response received from the server: b'' (Attempt 2)
[E 250626 13:14:26 smartWebSocketV2:920] Failed to fetch token for SYMBOL (Full Positions) after 5 attempts.
[E 250626 13:14:26 smartWebSocketV2:952] Token not found for Symbol in row 17 (Full Positions). This symbol will be skipped for LTP updates, and not added to excel_symbol_details.
[E 250626 13:14:27 smartWebSocketV2:906] DataException during search for token for SYMBOL (API Search: EXCHANGE, SYMBOL) in row 26 (Indices): Couldn't parse the JSON response received from the server: b'Access denied because of exceeding access rate'. Raw content: Couldn't parse the JSON response received from the server: b'Access denied because of exceeding access rate' (Attempt 1)
[E 250626 13:14:29 smartWebSocketV2:906] DataException during search for token for SYMBOL (API Search: EXCHANGE, SYMBOL) in row 26 (Indices): Couldn't parse the JSON response received from the server: b''. Raw content: Couldn't parse the JSON response received from the server: b'' (Attempt 2)
[E 250626 13:14:29 smartWebSocketV2:920] Failed to fetch token for SYMBOL (Indices) after 5 attempts.
[E 250626 13:14:29 smartWebSocketV2:952] Token not found for Symbol in row 26 (Indices). This symbol will be skipped for LTP updates, and not added to excel_symbol_details.
[E 250626 13:14:29 smartWebSocketV2:906] DataException during search for token for SYMBOL (API Search: EXCHANGE, SYMBOL) in row 26 (Quarter Positions): Couldn't parse the JSON response received from the server: b'Access denied because of exceeding access rate'. Raw content: Couldn't parse the JSON response received from the server: b'Access denied because of exceeding access rate' (Attempt 1)
[E 250626 13:14:31 smartWebSocketV2:906] DataException during search for token for SYMBOL (API Search: EXCHANGE, SYMBOL) in row 26 (Quarter Positions): Couldn't parse the JSON response received from the server: b''. Raw content: Couldn't parse the JSON response received from the server: b'' (Attempt 2)
[E 250626 13:14:31 smartWebSocketV2:920] Failed to fetch token for SYMBOL (Quarter Positions) after 5 attempts.
[E 250626 13:14:31 smartWebSocketV2:952] Token not found for Symbol in row 26 (Quarter Positions). This symbol will be skipped for LTP updates, and not added to excel_symbol_details.
[E 250626 13:15:10 smartWebSocketV2:906] DataException during search for token for SYMBOL (API Search: EXCHANGE, SYMBOL) in row 17 (Focus List): Couldn't parse the JSON response received from the server: b''. Raw content: Couldn't parse the JSON response received from the server: b'' (Attempt 1)
[E 250626 13:15:10 smartWebSocketV2:920] Failed to fetch token for SYMBOL (Focus List) after 5 attempts.
[E 250626 13:15:10 smartWebSocketV2:952] Token not found for Symbol in row 17 (Focus List). This symbol will be skipped for LTP updates, and not added to excel_symbol_details.
[E 250626 13:15:11 smartWebSocketV2:906] DataException during search for token for SYMBOL (API Search: EXCHANGE, SYMBOL) in row 17 (Full Positions): Couldn't parse the JSON response received from the server: b''. Raw content: Couldn't parse the JSON response received from the server: b'' (Attempt 1)
[E 250626 13:15:11 smartWebSocketV2:920] Failed to fetch token for SYMBOL (Full Positions) after 5 attempts.
[E 250626 13:15:11 smartWebSocketV2:952] Token not found for Symbol in row 17 (Full Positions). This symbol will be skipped for LTP updates, and not added to excel_symbol_details.
[E 250626 13:15:11 smartWebSocketV2:906] DataException during search for token for SYMBOL (API Search: EXCHANGE, SYMBOL) in row 26 (Indices): Couldn't parse the JSON response received from the server: b'Access denied because of exceeding access rate'. Raw content: Couldn't parse the JSON response received from the server: b'Access denied because of exceeding access rate' (Attempt 1)
[E 250626 13:15:13 smartWebSocketV2:906] DataException during search for token for SYMBOL (API Search: EXCHANGE, SYMBOL) in row 26 (Indices): Couldn't parse the JSON response received from the server: b''. Raw content: Couldn't parse the JSON response received from the server: b'' (Attempt 2)
[E 250626 13:15:13 smartWebSocketV2:920] Failed to fetch token for SYMBOL (Indices) after 5 attempts.
[E 250626 13:15:13 smartWebSocketV2:952] Token not found for Symbol in row 26 (Indices). This symbol will be skipped for LTP updates, and not added to excel_symbol_details.
[E 250626 13:15:13 smartWebSocketV2:906] DataException during search for token for SYMBOL (API Search: EXCHANGE, SYMBOL) in row 26 (Quarter Positions): Couldn't parse the JSON response received from the server: b''. Raw content: Couldn't parse the JSON response received from the server: b'' (Attempt 1)
[E 250626 13:15:13 smartWebSocketV2:920] Failed to fetch token for SYMBOL (Quarter Positions) after 5 attempts.
[E 250626 13:15:13 smartWebSocketV2:952] Token not found for Symbol in row 26 (Quarter Positions). This symbol will be skipped for LTP updates, and not added to excel_symbol_details.
[E 250626 13:15:54 smartWebSocketV2:906] DataException during search for token for SYMBOL (API Search: EXCHANGE, SYMBOL) in row 17 (Focus List): Couldn't parse the JSON response received from the server: b''. Raw content: Couldn't parse the JSON response received from the server: b'' (Attempt 1)
[E 250626 13:15:54 smartWebSocketV2:920] Failed to fetch token for SYMBOL (Focus List) after 5 attempts.
[E 250626 13:15:54 smartWebSocketV2:952] Token not found for Symbol in row 17 (Focus List). This symbol will be skipped for LTP updates, and not added to excel_symbol_details.
[E 250626 13:15:54 smartWebSocketV2:906] DataException during search for token for SYMBOL (API Search: EXCHANGE, SYMBOL) in row 17 (Full Positions): Couldn't parse the JSON response received from the server: b'Access denied because of exceeding access rate'. Raw content: Couldn't parse the JSON response received from the server: b'Access denied because of exceeding access rate' (Attempt 1)
[E 250626 13:15:56 smartWebSocketV2:906] DataException during search for token for SYMBOL (API Search: EXCHANGE, SYMBOL) in row 17 (Full Positions): Couldn't parse the JSON response received from the server: b''. Raw content: Couldn't parse the JSON response received from the server: b'' (Attempt 2)
[E 250626 13:15:56 smartWebSocketV2:920] Failed to fetch token for SYMBOL (Full Positions) after 5 attempts.
[E 250626 13:15:56 smartWebSocketV2:952] Token not found for Symbol in row 17 (Full Positions). This symbol will be skipped for LTP updates, and not added to excel_symbol_details.
[E 250626 13:15:57 smartWebSocketV2:906] DataException during search for token for SYMBOL (API Search: EXCHANGE, SYMBOL) in row 26 (Indices): Couldn't parse the JSON response received from the server: b''. Raw content: Couldn't parse the JSON response received from the server: b'' (Attempt 1)
[E 250626 13:15:57 smartWebSocketV2:920] Failed to fetch token for SYMBOL (Indices) after 5 attempts.
[E 250626 13:15:57 smartWebSocketV2:952] Token not found for Symbol in row 26 (Indices). This symbol will be skipped for LTP updates, and not added to excel_symbol_details.
[E 250626 13:15:57 smartWebSocketV2:906] DataException during search for token for SYMBOL (API Search: EXCHANGE, SYMBOL) in row 26 (Quarter Positions): Couldn't parse the JSON response received from the server: b'Access denied because of exceeding access rate'. Raw content: Couldn't parse the JSON response received from the server: b'Access denied because of exceeding access rate' (Attempt 1)
[E 250626 13:15:59 smartWebSocketV2:906] DataException during search for token for SYMBOL (API Search: EXCHANGE, SYMBOL) in row 26 (Quarter Positions): Couldn't parse the JSON response received from the server: b''. Raw content: Couldn't parse the JSON response received from the server: b'' (Attempt 2)
[E 250626 13:15:59 smartWebSocketV2:920] Failed to fetch token for SYMBOL (Quarter Positions) after 5 attempts.
[E 250626 13:15:59 smartWebSocketV2:952] Token not found for Symbol in row 26 (Quarter Positions). This symbol will be skipped for LTP updates, and not added to excel_symbol_details.
[E 250626 13:16:42 smartWebSocketV2:906] DataException during search for token for SYMBOL (API Search: EXCHANGE, SYMBOL) in row 17 (Focus List): Couldn't parse the JSON response received from the server: b''. Raw content: Couldn't parse the JSON response received from the server: b'' (Attempt 1)
[E 250626 13:16:42 smartWebSocketV2:920] Failed to fetch token for SYMBOL (Focus List) after 5 attempts.
[E 250626 13:16:42 smartWebSocketV2:952] Token not found for Symbol in row 17 (Focus List). This symbol will be skipped for LTP updates, and not added to excel_symbol_details.
[E 250626 13:16:42 smartWebSocketV2:906] DataException during search for token for SYMBOL (API Search: EXCHANGE, SYMBOL) in row 17 (Full Positions): Couldn't parse the JSON response received from the server: b'Access denied because of exceeding access rate'. Raw content: Couldn't parse the JSON response received from the server: b'Access denied because of exceeding access rate' (Attempt 1)
[E 250626 13:16:44 smartWebSocketV2:906] DataException during search for token for SYMBOL (API Search: EXCHANGE, SYMBOL) in row 17 (Full Positions): Couldn't parse the JSON response received from the server: b''. Raw content: Couldn't parse the JSON response received from the server: b'' (Attempt 2)
[E 250626 13:16:44 smartWebSocketV2:920] Failed to fetch token for SYMBOL (Full Positions) after 5 attempts.
[E 250626 13:16:44 smartWebSocketV2:952] Token not found for Symbol in row 17 (Full Positions). This symbol will be skipped for LTP updates, and not added to excel_symbol_details.
[E 250626 13:16:44 smartWebSocketV2:906] DataException during search for token for SYMBOL (API Search: EXCHANGE, SYMBOL) in row 26 (Indices): Couldn't parse the JSON response received from the server: b'Access denied because of exceeding access rate'. Raw content: Couldn't parse the JSON response received from the server: b'Access denied because of exceeding access rate' (Attempt 1)
[E 250626 13:16:47 smartWebSocketV2:906] DataException during search for token for SYMBOL (API Search: EXCHANGE, SYMBOL) in row 26 (Indices): Couldn't parse the JSON response received from the server: b''. Raw content: Couldn't parse the JSON response received from the server: b'' (Attempt 2)
[E 250626 13:16:47 smartWebSocketV2:920] Failed to fetch token for SYMBOL (Indices) after 5 attempts.
[E 250626 13:16:47 smartWebSocketV2:952] Token not found for Symbol in row 26 (Indices). This symbol will be skipped for LTP updates, and not added to excel_symbol_details.
[E 250626 13:16:47 smartWebSocketV2:906] DataException during search for token for SYMBOL (API Search: EXCHANGE, SYMBOL) in row 26 (Quarter Positions): Couldn't parse the JSON response received from the server: b'Access denied because of exceeding access rate'. Raw content: Couldn't parse the JSON response received from the server: b'Access denied because of exceeding access rate' (Attempt 1)
[E 250626 13:16:49 smartWebSocketV2:906] DataException during search for token for SYMBOL (API Search: EXCHANGE, SYMBOL) in row 26 (Quarter Positions): Couldn't parse the JSON response received from the server: b''. Raw content: Couldn't parse the JSON response received from the server: b'' (Attempt 2)
[E 250626 13:16:49 smartWebSocketV2:920] Failed to fetch token for SYMBOL (Quarter Positions) after 5 attempts.
[E 250626 13:16:49 smartWebSocketV2:952] Token not found for Symbol in row 26 (Quarter Positions). This symbol will be skipped for LTP updates, and not added to excel_symbol_details.
[E 250626 13:17:28 smartWebSocketV2:906] DataException during search for token for SYMBOL (API Search: EXCHANGE, SYMBOL) in row 17 (Focus List): Couldn't parse the JSON response received from the server: b''. Raw content: Couldn't parse the JSON response received from the server: b'' (Attempt 1)
[E 250626 13:17:28 smartWebSocketV2:920] Failed to fetch token for SYMBOL (Focus List) after 5 attempts.
[E 250626 13:17:28 smartWebSocketV2:952] Token not found for Symbol in row 17 (Focus List). This symbol will be skipped for LTP updates, and not added to excel_symbol_details.
[E 250626 13:17:29 smartWebSocketV2:906] DataException during search for token for SYMBOL (API Search: EXCHANGE, SYMBOL) in row 17 (Full Positions): Couldn't parse the JSON response received from the server: b''. Raw content: Couldn't parse the JSON response received from the server: b'' (Attempt 1)
[E 250626 13:17:29 smartWebSocketV2:920] Failed to fetch token for SYMBOL (Full Positions) after 5 attempts.
[E 250626 13:17:29 smartWebSocketV2:952] Token not found for Symbol in row 17 (Full Positions). This symbol will be skipped for LTP updates, and not added to excel_symbol_details.
[E 250626 13:17:29 smartWebSocketV2:906] DataException during search for token for SYMBOL (API Search: EXCHANGE, SYMBOL) in row 26 (Indices): Couldn't parse the JSON response received from the server: b'Access denied because of exceeding access rate'. Raw content: Couldn't parse the JSON response received from the server: b'Access denied because of exceeding access rate' (Attempt 1)
[E 250626 13:17:31 smartWebSocketV2:906] DataException during search for token for SYMBOL (API Search: EXCHANGE, SYMBOL) in row 26 (Indices): Couldn't parse the JSON response received from the server: b''. Raw content: Couldn't parse the JSON response received from the server: b'' (Attempt 2)
[E 250626 13:17:31 smartWebSocketV2:920] Failed to fetch token for SYMBOL (Indices) after 5 attempts.
[E 250626 13:17:31 smartWebSocketV2:952] Token not found for Symbol in row 26 (Indices). This symbol will be skipped for LTP updates, and not added to excel_symbol_details.
[E 250626 13:17:31 smartWebSocketV2:906] DataException during search for token for SYMBOL (API Search: EXCHANGE, SYMBOL) in row 26 (Quarter Positions): Couldn't parse the JSON response received from the server: b'Access denied because of exceeding access rate'. Raw content: Couldn't parse the JSON response received from the server: b'Access denied because of exceeding access rate' (Attempt 1)
[E 250626 13:17:34 smartWebSocketV2:906] DataException during search for token for SYMBOL (API Search: EXCHANGE, SYMBOL) in row 26 (Quarter Positions): Couldn't parse the JSON response received from the server: b''. Raw content: Couldn't parse the JSON response received from the server: b'' (Attempt 2)
[E 250626 13:17:34 smartWebSocketV2:920] Failed to fetch token for SYMBOL (Quarter Positions) after 5 attempts.
[E 250626 13:17:34 smartWebSocketV2:952] Token not found for Symbol in row 26 (Quarter Positions). This symbol will be skipped for LTP updates, and not added to excel_symbol_details.
[E 250626 13:18:14 smartWebSocketV2:906] DataException during search for token for SYMBOL (API Search: EXCHANGE, SYMBOL) in row 17 (Focus List): Couldn't parse the JSON response received from the server: b''. Raw content: Couldn't parse the JSON response received from the server: b'' (Attempt 1)
[E 250626 13:18:14 smartWebSocketV2:920] Failed to fetch token for SYMBOL (Focus List) after 5 attempts.
[E 250626 13:18:14 smartWebSocketV2:952] Token not found for Symbol in row 17 (Focus List). This symbol will be skipped for LTP updates, and not added to excel_symbol_details.
[E 250626 13:18:14 smartWebSocketV2:906] DataException during search for token for SYMBOL (API Search: EXCHANGE, SYMBOL) in row 17 (Full Positions): Couldn't parse the JSON response received from the server: b''. Raw content: Couldn't parse the JSON response received from the server: b'' (Attempt 1)
[E 250626 13:18:14 smartWebSocketV2:920] Failed to fetch token for SYMBOL (Full Positions) after 5 attempts.
[E 250626 13:18:14 smartWebSocketV2:952] Token not found for Symbol in row 17 (Full Positions). This symbol will be skipped for LTP updates, and not added to excel_symbol_details.
[E 250626 13:18:15 smartWebSocketV2:906] DataException during search for token for SYMBOL (API Search: EXCHANGE, SYMBOL) in row 26 (Indices): Couldn't parse the JSON response received from the server: b'Access denied because of exceeding access rate'. Raw content: Couldn't parse the JSON response received from the server: b'Access denied because of exceeding access rate' (Attempt 1)
[E 250626 13:18:17 smartWebSocketV2:906] DataException during search for token for SYMBOL (API Search: EXCHANGE, SYMBOL) in row 26 (Indices): Couldn't parse the JSON response received from the server: b''. Raw content: Couldn't parse the JSON response received from the server: b'' (Attempt 2)
[E 250626 13:18:17 smartWebSocketV2:920] Failed to fetch token for SYMBOL (Indices) after 5 attempts.
[E 250626 13:18:17 smartWebSocketV2:952] Token not found for Symbol in row 26 (Indices). This symbol will be skipped for LTP updates, and not added to excel_symbol_details.
[E 250626 13:18:17 smartWebSocketV2:906] DataException during search for token for SYMBOL (API Search: EXCHANGE, SYMBOL) in row 26 (Quarter Positions): Couldn't parse the JSON response received from the server: b'Access denied because of exceeding access rate'. Raw content: Couldn't parse the JSON response received from the server: b'Access denied because of exceeding access rate' (Attempt 1)
[E 250626 13:18:20 smartWebSocketV2:906] DataException during search for token for SYMBOL (API Search: EXCHANGE, SYMBOL) in row 26 (Quarter Positions): Couldn't parse the JSON response received from the server: b''. Raw content: Couldn't parse the JSON response received from the server: b'' (Attempt 2)
[E 250626 13:18:20 smartWebSocketV2:920] Failed to fetch token for SYMBOL (Quarter Positions) after 5 attempts.
[E 250626 13:18:20 smartWebSocketV2:952] Token not found for Symbol in row 26 (Quarter Positions). This symbol will be skipped for LTP updates, and not added to excel_symbol_details.
[E 250626 13:19:00 smartWebSocketV2:906] DataException during search for token for SYMBOL (API Search: EXCHANGE, SYMBOL) in row 17 (Focus List): Couldn't parse the JSON response received from the server: b''. Raw content: Couldn't parse the JSON response received from the server: b'' (Attempt 1)
[E 250626 13:19:00 smartWebSocketV2:920] Failed to fetch token for SYMBOL (Focus List) after 5 attempts.
[E 250626 13:19:00 smartWebSocketV2:952] Token not found for Symbol in row 17 (Focus List). This symbol will be skipped for LTP updates, and not added to excel_symbol_details.
[E 250626 13:19:00 smartWebSocketV2:906] DataException during search for token for SYMBOL (API Search: EXCHANGE, SYMBOL) in row 17 (Full Positions): Couldn't parse the JSON response received from the server: b'Access denied because of exceeding access rate'. Raw content: Couldn't parse the JSON response received from the server: b'Access denied because of exceeding access rate' (Attempt 1)
[E 250626 13:19:02 smartWebSocketV2:906] DataException during search for token for SYMBOL (API Search: EXCHANGE, SYMBOL) in row 17 (Full Positions): Couldn't parse the JSON response received from the server: b''. Raw content: Couldn't parse the JSON response received from the server: b'' (Attempt 2)
[E 250626 13:19:02 smartWebSocketV2:920] Failed to fetch token for SYMBOL (Full Positions) after 5 attempts.
[E 250626 13:19:02 smartWebSocketV2:952] Token not found for Symbol in row 17 (Full Positions). This symbol will be skipped for LTP updates, and not added to excel_symbol_details.
[E 250626 13:19:03 smartWebSocketV2:906] DataException during search for token for SYMBOL (API Search: EXCHANGE, SYMBOL) in row 26 (Indices): Couldn't parse the JSON response received from the server: b''. Raw content: Couldn't parse the JSON response received from the server: b'' (Attempt 1)
[E 250626 13:19:03 smartWebSocketV2:920] Failed to fetch token for SYMBOL (Indices) after 5 attempts.
[E 250626 13:19:03 smartWebSocketV2:952] Token not found for Symbol in row 26 (Indices). This symbol will be skipped for LTP updates, and not added to excel_symbol_details.
[E 250626 13:19:03 smartWebSocketV2:906] DataException during search for token for SYMBOL (API Search: EXCHANGE, SYMBOL) in row 26 (Quarter Positions): Couldn't parse the JSON response received from the server: b'Access denied because of exceeding access rate'. Raw content: Couldn't parse the JSON response received from the server: b'Access denied because of exceeding access rate' (Attempt 1)
[E 250626 13:19:05 smartWebSocketV2:906] DataException during search for token for SYMBOL (API Search: EXCHANGE, SYMBOL) in row 26 (Quarter Positions): Couldn't parse the JSON response received from the server: b''. Raw content: Couldn't parse the JSON response received from the server: b'' (Attempt 2)
[E 250626 13:19:05 smartWebSocketV2:920] Failed to fetch token for SYMBOL (Quarter Positions) after 5 attempts.
[E 250626 13:19:05 smartWebSocketV2:952] Token not found for Symbol in row 26 (Quarter Positions). This symbol will be skipped for LTP updates, and not added to excel_symbol_details.
[E 250626 13:19:49 smartWebSocketV2:906] DataException during search for token for SYMBOL (API Search: EXCHANGE, SYMBOL) in row 17 (Focus List): Couldn't parse the JSON response received from the server: b''. Raw content: Couldn't parse the JSON response received from the server: b'' (Attempt 1)
[E 250626 13:19:49 smartWebSocketV2:920] Failed to fetch token for SYMBOL (Focus List) after 5 attempts.
[E 250626 13:19:49 smartWebSocketV2:952] Token not found for Symbol in row 17 (Focus List). This symbol will be skipped for LTP updates, and not added to excel_symbol_details.
[E 250626 13:19:49 smartWebSocketV2:906] DataException during search for token for SYMBOL (API Search: EXCHANGE, SYMBOL) in row 17 (Full Positions): Couldn't parse the JSON response received from the server: b'Access denied because of exceeding access rate'. Raw content: Couldn't parse the JSON response received from the server: b'Access denied because of exceeding access rate' (Attempt 1)
[E 250626 13:19:52 smartWebSocketV2:906] DataException during search for token for SYMBOL (API Search: EXCHANGE, SYMBOL) in row 17 (Full Positions): Couldn't parse the JSON response received from the server: b''. Raw content: Couldn't parse the JSON response received from the server: b'' (Attempt 2)
[E 250626 13:19:52 smartWebSocketV2:920] Failed to fetch token for SYMBOL (Full Positions) after 5 attempts.
[E 250626 13:19:52 smartWebSocketV2:952] Token not found for Symbol in row 17 (Full Positions). This symbol will be skipped for LTP updates, and not added to excel_symbol_details.
[E 250626 13:19:52 smartWebSocketV2:906] DataException during search for token for SYMBOL (API Search: EXCHANGE, SYMBOL) in row 26 (Indices): Couldn't parse the JSON response received from the server: b'Access denied because of exceeding access rate'. Raw content: Couldn't parse the JSON response received from the server: b'Access denied because of exceeding access rate' (Attempt 1)
[E 250626 13:19:54 smartWebSocketV2:906] DataException during search for token for SYMBOL (API Search: EXCHANGE, SYMBOL) in row 26 (Indices): Couldn't parse the JSON response received from the server: b''. Raw content: Couldn't parse the JSON response received from the server: b'' (Attempt 2)
[E 250626 13:19:54 smartWebSocketV2:920] Failed to fetch token for SYMBOL (Indices) after 5 attempts.
[E 250626 13:19:54 smartWebSocketV2:952] Token not found for Symbol in row 26 (Indices). This symbol will be skipped for LTP updates, and not added to excel_symbol_details.
[E 250626 13:19:54 smartWebSocketV2:906] DataException during search for token for SYMBOL (API Search: EXCHANGE, SYMBOL) in row 26 (Quarter Positions): Couldn't parse the JSON response received from the server: b'Access denied because of exceeding access rate'. Raw content: Couldn't parse the JSON response received from the server: b'Access denied because of exceeding access rate' (Attempt 1)
[E 250626 13:19:57 smartWebSocketV2:906] DataException during search for token for SYMBOL (API Search: EXCHANGE, SYMBOL) in row 26 (Quarter Positions): Couldn't parse the JSON response received from the server: b''. Raw content: Couldn't parse the JSON response received from the server: b'' (Attempt 2)
[E 250626 13:19:57 smartWebSocketV2:920] Failed to fetch token for SYMBOL (Quarter Positions) after 5 attempts.
[E 250626 13:19:57 smartWebSocketV2:952] Token not found for Symbol in row 26 (Quarter Positions). This symbol will be skipped for LTP updates, and not added to excel_symbol_details.
[E 250626 13:20:39 smartWebSocketV2:906] DataException during search for token for SYMBOL (API Search: EXCHANGE, SYMBOL) in row 17 (Focus List): Couldn't parse the JSON response received from the server: b''. Raw content: Couldn't parse the JSON response received from the server: b'' (Attempt 1)
[E 250626 13:20:39 smartWebSocketV2:920] Failed to fetch token for SYMBOL (Focus List) after 5 attempts.
[E 250626 13:20:39 smartWebSocketV2:952] Token not found for Symbol in row 17 (Focus List). This symbol will be skipped for LTP updates, and not added to excel_symbol_details.
[E 250626 13:20:39 smartWebSocketV2:906] DataException during search for token for SYMBOL (API Search: EXCHANGE, SYMBOL) in row 17 (Full Positions): Couldn't parse the JSON response received from the server: b'Access denied because of exceeding access rate'. Raw content: Couldn't parse the JSON response received from the server: b'Access denied because of exceeding access rate' (Attempt 1)
[E 250626 13:20:41 smartWebSocketV2:906] DataException during search for token for SYMBOL (API Search: EXCHANGE, SYMBOL) in row 17 (Full Positions): Couldn't parse the JSON response received from the server: b''. Raw content: Couldn't parse the JSON response received from the server: b'' (Attempt 2)
[E 250626 13:20:41 smartWebSocketV2:920] Failed to fetch token for SYMBOL (Full Positions) after 5 attempts.
[E 250626 13:20:41 smartWebSocketV2:952] Token not found for Symbol in row 17 (Full Positions). This symbol will be skipped for LTP updates, and not added to excel_symbol_details.
[E 250626 13:20:41 smartWebSocketV2:906] DataException during search for token for SYMBOL (API Search: EXCHANGE, SYMBOL) in row 26 (Indices): Couldn't parse the JSON response received from the server: b''. Raw content: Couldn't parse the JSON response received from the server: b'' (Attempt 1)
[E 250626 13:20:41 smartWebSocketV2:920] Failed to fetch token for SYMBOL (Indices) after 5 attempts.
[E 250626 13:20:41 smartWebSocketV2:952] Token not found for Symbol in row 26 (Indices). This symbol will be skipped for LTP updates, and not added to excel_symbol_details.
[E 250626 13:20:42 smartWebSocketV2:906] DataException during search for token for SYMBOL (API Search: EXCHANGE, SYMBOL) in row 26 (Quarter Positions): Couldn't parse the JSON response received from the server: b'Access denied because of exceeding access rate'. Raw content: Couldn't parse the JSON response received from the server: b'Access denied because of exceeding access rate' (Attempt 1)
[E 250626 13:20:44 smartWebSocketV2:906] DataException during search for token for SYMBOL (API Search: EXCHANGE, SYMBOL) in row 26 (Quarter Positions): Couldn't parse the JSON response received from the server: b''. Raw content: Couldn't parse the JSON response received from the server: b'' (Attempt 2)
[E 250626 13:20:44 smartWebSocketV2:920] Failed to fetch token for SYMBOL (Quarter Positions) after 5 attempts.
[E 250626 13:20:44 smartWebSocketV2:952] Token not found for Symbol in row 26 (Quarter Positions). This symbol will be skipped for LTP updates, and not added to excel_symbol_details.
[E 250626 13:21:27 smartWebSocketV2:906] DataException during search for token for SYMBOL (API Search: EXCHANGE, SYMBOL) in row 17 (Focus List): Couldn't parse the JSON response received from the server: b''. Raw content: Couldn't parse the JSON response received from the server: b'' (Attempt 1)
[E 250626 13:21:27 smartWebSocketV2:920] Failed to fetch token for SYMBOL (Focus List) after 5 attempts.
[E 250626 13:21:27 smartWebSocketV2:952] Token not found for Symbol in row 17 (Focus List). This symbol will be skipped for LTP updates, and not added to excel_symbol_details.
[E 250626 13:21:30 smartWebSocketV2:906] DataException during search for token for SYMBOL (API Search: EXCHANGE, SYMBOL) in row 17 (Full Positions): Couldn't parse the JSON response received from the server: b''. Raw content: Couldn't parse the JSON response received from the server: b'' (Attempt 1)
[E 250626 13:21:30 smartWebSocketV2:920] Failed to fetch token for SYMBOL (Full Positions) after 5 attempts.
[E 250626 13:21:30 smartWebSocketV2:952] Token not found for Symbol in row 17 (Full Positions). This symbol will be skipped for LTP updates, and not added to excel_symbol_details.
[E 250626 13:21:30 smartWebSocketV2:906] DataException during search for token for SYMBOL (API Search: EXCHANGE, SYMBOL) in row 26 (Indices): Couldn't parse the JSON response received from the server: b''. Raw content: Couldn't parse the JSON response received from the server: b'' (Attempt 1)
[E 250626 13:21:30 smartWebSocketV2:920] Failed to fetch token for SYMBOL (Indices) after 5 attempts.
[E 250626 13:21:30 smartWebSocketV2:952] Token not found for Symbol in row 26 (Indices). This symbol will be skipped for LTP updates, and not added to excel_symbol_details.
[E 250626 13:21:31 smartWebSocketV2:906] DataException during search for token for SYMBOL (API Search: EXCHANGE, SYMBOL) in row 26 (Quarter Positions): Couldn't parse the JSON response received from the server: b'Access denied because of exceeding access rate'. Raw content: Couldn't parse the JSON response received from the server: b'Access denied because of exceeding access rate' (Attempt 1)
[E 250626 13:21:33 smartWebSocketV2:906] DataException during search for token for SYMBOL (API Search: EXCHANGE, SYMBOL) in row 26 (Quarter Positions): Couldn't parse the JSON response received from the server: b''. Raw content: Couldn't parse the JSON response received from the server: b'' (Attempt 2)
[E 250626 13:21:33 smartWebSocketV2:920] Failed to fetch token for SYMBOL (Quarter Positions) after 5 attempts.
[E 250626 13:21:33 smartWebSocketV2:952] Token not found for Symbol in row 26 (Quarter Positions). This symbol will be skipped for LTP updates, and not added to excel_symbol_details.
