[I 250709 14:27:36 smartConnect:124] in pool
[E 250709 14:27:38 smartWebSocketV2:948] DataException during search for token for SYMBOL (API Search: EXCHANGE, SYMBOL) in row 17 (Focus List): Couldn't parse the JSON response received from the server: b''. Raw content: Couldn't parse the JSON response received from the server: b'' (Attempt 1)
[E 250709 14:27:38 smartWebSocketV2:962] Failed to fetch token for SYMBOL (Focus List) after 5 attempts.
[E 250709 14:27:38 smartWebSocketV2:1006] Token not found for Symbol in row 17 (Focus List). This symbol will be skipped for LTP updates, and not added to excel_symbol_details.
[E 250709 14:27:39 smartWebSocketV2:948] DataException during search for token for SYMBOL (API Search: EXCHANGE, SYMBOL) in row 17 (Full Positions): Couldn't parse the JSON response received from the server: b''. Raw content: Couldn't parse the JSON response received from the server: b'' (Attempt 1)
[E 250709 14:27:39 smartWebSocketV2:962] Failed to fetch token for SYMBOL (Full Positions) after 5 attempts.
[E 250709 14:27:39 smartWebSocketV2:1006] Token not found for Symbol in row 17 (Full Positions). This symbol will be skipped for LTP updates, and not added to excel_symbol_details.
[E 250709 14:27:39 smartWebSocketV2:948] DataException during search for token for SYMBOL (API Search: EXCHANGE, SYMBOL) in row 26 (Indices): Couldn't parse the JSON response received from the server: b'Access denied because of exceeding access rate'. Raw content: Couldn't parse the JSON response received from the server: b'Access denied because of exceeding access rate' (Attempt 1)
[E 250709 14:27:42 smartWebSocketV2:948] DataException during search for token for SYMBOL (API Search: EXCHANGE, SYMBOL) in row 26 (Indices): Couldn't parse the JSON response received from the server: b''. Raw content: Couldn't parse the JSON response received from the server: b'' (Attempt 2)
[E 250709 14:27:42 smartWebSocketV2:962] Failed to fetch token for SYMBOL (Indices) after 5 attempts.
[E 250709 14:27:42 smartWebSocketV2:1006] Token not found for Symbol in row 26 (Indices). This symbol will be skipped for LTP updates, and not added to excel_symbol_details.
[E 250709 14:27:42 smartWebSocketV2:948] DataException during search for token for SYMBOL (API Search: EXCHANGE, SYMBOL) in row 26 (Quarter Positions): Couldn't parse the JSON response received from the server: b'Access denied because of exceeding access rate'. Raw content: Couldn't parse the JSON response received from the server: b'Access denied because of exceeding access rate' (Attempt 1)
[E 250709 14:27:44 smartWebSocketV2:948] DataException during search for token for SYMBOL (API Search: EXCHANGE, SYMBOL) in row 26 (Quarter Positions): Couldn't parse the JSON response received from the server: b''. Raw content: Couldn't parse the JSON response received from the server: b'' (Attempt 2)
[E 250709 14:27:44 smartWebSocketV2:962] Failed to fetch token for SYMBOL (Quarter Positions) after 5 attempts.
[E 250709 14:27:44 smartWebSocketV2:1006] Token not found for Symbol in row 26 (Quarter Positions). This symbol will be skipped for LTP updates, and not added to excel_symbol_details.
[E 250709 14:29:14 smartWebSocketV2:948] DataException during search for token for SYMBOL (API Search: EXCHANGE, SYMBOL) in row 17 (Focus List): Couldn't parse the JSON response received from the server: b''. Raw content: Couldn't parse the JSON response received from the server: b'' (Attempt 1)
[E 250709 14:29:14 smartWebSocketV2:962] Failed to fetch token for SYMBOL (Focus List) after 5 attempts.
[E 250709 14:29:14 smartWebSocketV2:1006] Token not found for Symbol in row 17 (Focus List). This symbol will be skipped for LTP updates, and not added to excel_symbol_details.
[E 250709 14:29:14 smartWebSocketV2:948] DataException during search for token for SYMBOL (API Search: EXCHANGE, SYMBOL) in row 17 (Full Positions): Couldn't parse the JSON response received from the server: b''. Raw content: Couldn't parse the JSON response received from the server: b'' (Attempt 1)
[E 250709 14:29:14 smartWebSocketV2:962] Failed to fetch token for SYMBOL (Full Positions) after 5 attempts.
[E 250709 14:29:14 smartWebSocketV2:1006] Token not found for Symbol in row 17 (Full Positions). This symbol will be skipped for LTP updates, and not added to excel_symbol_details.
[E 250709 14:29:15 smartWebSocketV2:948] DataException during search for token for SYMBOL (API Search: EXCHANGE, SYMBOL) in row 26 (Indices): Couldn't parse the JSON response received from the server: b'Access denied because of exceeding access rate'. Raw content: Couldn't parse the JSON response received from the server: b'Access denied because of exceeding access rate' (Attempt 1)
[E 250709 14:29:17 smartWebSocketV2:948] DataException during search for token for SYMBOL (API Search: EXCHANGE, SYMBOL) in row 26 (Indices): Couldn't parse the JSON response received from the server: b''. Raw content: Couldn't parse the JSON response received from the server: b'' (Attempt 2)
[E 250709 14:29:17 smartWebSocketV2:962] Failed to fetch token for SYMBOL (Indices) after 5 attempts.
[E 250709 14:29:17 smartWebSocketV2:1006] Token not found for Symbol in row 26 (Indices). This symbol will be skipped for LTP updates, and not added to excel_symbol_details.
[E 250709 14:29:17 smartWebSocketV2:948] DataException during search for token for SYMBOL (API Search: EXCHANGE, SYMBOL) in row 26 (Quarter Positions): Couldn't parse the JSON response received from the server: b''. Raw content: Couldn't parse the JSON response received from the server: b'' (Attempt 1)
[E 250709 14:29:17 smartWebSocketV2:962] Failed to fetch token for SYMBOL (Quarter Positions) after 5 attempts.
[E 250709 14:29:17 smartWebSocketV2:1006] Token not found for Symbol in row 26 (Quarter Positions). This symbol will be skipped for LTP updates, and not added to excel_symbol_details.
[E 250709 14:30:39 smartWebSocketV2:948] DataException during search for token for SYMBOL (API Search: EXCHANGE, SYMBOL) in row 17 (Focus List): Couldn't parse the JSON response received from the server: b''. Raw content: Couldn't parse the JSON response received from the server: b'' (Attempt 1)
[E 250709 14:30:39 smartWebSocketV2:962] Failed to fetch token for SYMBOL (Focus List) after 5 attempts.
[E 250709 14:30:39 smartWebSocketV2:1006] Token not found for Symbol in row 17 (Focus List). This symbol will be skipped for LTP updates, and not added to excel_symbol_details.
[E 250709 14:30:40 smartWebSocketV2:948] DataException during search for token for SYMBOL (API Search: EXCHANGE, SYMBOL) in row 17 (Full Positions): Couldn't parse the JSON response received from the server: b'Access denied because of exceeding access rate'. Raw content: Couldn't parse the JSON response received from the server: b'Access denied because of exceeding access rate' (Attempt 1)
[E 250709 14:30:42 smartWebSocketV2:948] DataException during search for token for SYMBOL (API Search: EXCHANGE, SYMBOL) in row 17 (Full Positions): Couldn't parse the JSON response received from the server: b''. Raw content: Couldn't parse the JSON response received from the server: b'' (Attempt 2)
[E 250709 14:30:42 smartWebSocketV2:962] Failed to fetch token for SYMBOL (Full Positions) after 5 attempts.
[E 250709 14:30:42 smartWebSocketV2:1006] Token not found for Symbol in row 17 (Full Positions). This symbol will be skipped for LTP updates, and not added to excel_symbol_details.
[E 250709 14:30:42 smartWebSocketV2:948] DataException during search for token for SYMBOL (API Search: EXCHANGE, SYMBOL) in row 26 (Indices): Couldn't parse the JSON response received from the server: b''. Raw content: Couldn't parse the JSON response received from the server: b'' (Attempt 1)
[E 250709 14:30:42 smartWebSocketV2:962] Failed to fetch token for SYMBOL (Indices) after 5 attempts.
[E 250709 14:30:42 smartWebSocketV2:1006] Token not found for Symbol in row 26 (Indices). This symbol will be skipped for LTP updates, and not added to excel_symbol_details.
[E 250709 14:30:42 smartWebSocketV2:948] DataException during search for token for SYMBOL (API Search: EXCHANGE, SYMBOL) in row 26 (Quarter Positions): Couldn't parse the JSON response received from the server: b'Access denied because of exceeding access rate'. Raw content: Couldn't parse the JSON response received from the server: b'Access denied because of exceeding access rate' (Attempt 1)
[E 250709 14:30:45 smartWebSocketV2:948] DataException during search for token for SYMBOL (API Search: EXCHANGE, SYMBOL) in row 26 (Quarter Positions): Couldn't parse the JSON response received from the server: b''. Raw content: Couldn't parse the JSON response received from the server: b'' (Attempt 2)
[E 250709 14:30:45 smartWebSocketV2:962] Failed to fetch token for SYMBOL (Quarter Positions) after 5 attempts.
[E 250709 14:30:45 smartWebSocketV2:1006] Token not found for Symbol in row 26 (Quarter Positions). This symbol will be skipped for LTP updates, and not added to excel_symbol_details.
[E 250709 14:32:02 smartWebSocketV2:948] DataException during search for token for SYMBOL (API Search: EXCHANGE, SYMBOL) in row 17 (Focus List): Couldn't parse the JSON response received from the server: b''. Raw content: Couldn't parse the JSON response received from the server: b'' (Attempt 1)
[E 250709 14:32:02 smartWebSocketV2:962] Failed to fetch token for SYMBOL (Focus List) after 5 attempts.
[E 250709 14:32:02 smartWebSocketV2:1006] Token not found for Symbol in row 17 (Focus List). This symbol will be skipped for LTP updates, and not added to excel_symbol_details.
[E 250709 14:32:03 smartWebSocketV2:948] DataException during search for token for SYMBOL (API Search: EXCHANGE, SYMBOL) in row 17 (Full Positions): Couldn't parse the JSON response received from the server: b'Access denied because of exceeding access rate'. Raw content: Couldn't parse the JSON response received from the server: b'Access denied because of exceeding access rate' (Attempt 1)
[E 250709 14:32:05 smartWebSocketV2:948] DataException during search for token for SYMBOL (API Search: EXCHANGE, SYMBOL) in row 17 (Full Positions): Couldn't parse the JSON response received from the server: b''. Raw content: Couldn't parse the JSON response received from the server: b'' (Attempt 2)
[E 250709 14:32:05 smartWebSocketV2:962] Failed to fetch token for SYMBOL (Full Positions) after 5 attempts.
[E 250709 14:32:05 smartWebSocketV2:1006] Token not found for Symbol in row 17 (Full Positions). This symbol will be skipped for LTP updates, and not added to excel_symbol_details.
[E 250709 14:32:05 smartWebSocketV2:948] DataException during search for token for SYMBOL (API Search: EXCHANGE, SYMBOL) in row 26 (Indices): Couldn't parse the JSON response received from the server: b'Access denied because of exceeding access rate'. Raw content: Couldn't parse the JSON response received from the server: b'Access denied because of exceeding access rate' (Attempt 1)
[E 250709 14:32:08 smartWebSocketV2:948] DataException during search for token for SYMBOL (API Search: EXCHANGE, SYMBOL) in row 26 (Indices): Couldn't parse the JSON response received from the server: b''. Raw content: Couldn't parse the JSON response received from the server: b'' (Attempt 2)
[E 250709 14:32:08 smartWebSocketV2:962] Failed to fetch token for SYMBOL (Indices) after 5 attempts.
[E 250709 14:32:08 smartWebSocketV2:1006] Token not found for Symbol in row 26 (Indices). This symbol will be skipped for LTP updates, and not added to excel_symbol_details.
[E 250709 14:32:08 smartWebSocketV2:948] DataException during search for token for SYMBOL (API Search: EXCHANGE, SYMBOL) in row 26 (Quarter Positions): Couldn't parse the JSON response received from the server: b'Access denied because of exceeding access rate'. Raw content: Couldn't parse the JSON response received from the server: b'Access denied because of exceeding access rate' (Attempt 1)
[E 250709 14:32:10 smartWebSocketV2:948] DataException during search for token for SYMBOL (API Search: EXCHANGE, SYMBOL) in row 26 (Quarter Positions): Couldn't parse the JSON response received from the server: b''. Raw content: Couldn't parse the JSON response received from the server: b'' (Attempt 2)
[E 250709 14:32:10 smartWebSocketV2:962] Failed to fetch token for SYMBOL (Quarter Positions) after 5 attempts.
[E 250709 14:32:10 smartWebSocketV2:1006] Token not found for Symbol in row 26 (Quarter Positions). This symbol will be skipped for LTP updates, and not added to excel_symbol_details.
[E 250709 14:33:29 smartWebSocketV2:948] DataException during search for token for SYMBOL (API Search: EXCHANGE, SYMBOL) in row 17 (Focus List): Couldn't parse the JSON response received from the server: b''. Raw content: Couldn't parse the JSON response received from the server: b'' (Attempt 1)
[E 250709 14:33:29 smartWebSocketV2:962] Failed to fetch token for SYMBOL (Focus List) after 5 attempts.
[E 250709 14:33:29 smartWebSocketV2:1006] Token not found for Symbol in row 17 (Focus List). This symbol will be skipped for LTP updates, and not added to excel_symbol_details.
[E 250709 14:33:30 smartWebSocketV2:948] DataException during search for token for SYMBOL (API Search: EXCHANGE, SYMBOL) in row 17 (Full Positions): Couldn't parse the JSON response received from the server: b'Access denied because of exceeding access rate'. Raw content: Couldn't parse the JSON response received from the server: b'Access denied because of exceeding access rate' (Attempt 1)
[E 250709 14:33:32 smartWebSocketV2:948] DataException during search for token for SYMBOL (API Search: EXCHANGE, SYMBOL) in row 17 (Full Positions): Couldn't parse the JSON response received from the server: b''. Raw content: Couldn't parse the JSON response received from the server: b'' (Attempt 2)
[E 250709 14:33:32 smartWebSocketV2:962] Failed to fetch token for SYMBOL (Full Positions) after 5 attempts.
[E 250709 14:33:32 smartWebSocketV2:1006] Token not found for Symbol in row 17 (Full Positions). This symbol will be skipped for LTP updates, and not added to excel_symbol_details.
[E 250709 14:33:32 smartWebSocketV2:948] DataException during search for token for SYMBOL (API Search: EXCHANGE, SYMBOL) in row 26 (Indices): Couldn't parse the JSON response received from the server: b'Access denied because of exceeding access rate'. Raw content: Couldn't parse the JSON response received from the server: b'Access denied because of exceeding access rate' (Attempt 1)
[E 250709 14:33:35 smartWebSocketV2:948] DataException during search for token for SYMBOL (API Search: EXCHANGE, SYMBOL) in row 26 (Indices): Couldn't parse the JSON response received from the server: b''. Raw content: Couldn't parse the JSON response received from the server: b'' (Attempt 2)
[E 250709 14:33:35 smartWebSocketV2:962] Failed to fetch token for SYMBOL (Indices) after 5 attempts.
[E 250709 14:33:35 smartWebSocketV2:1006] Token not found for Symbol in row 26 (Indices). This symbol will be skipped for LTP updates, and not added to excel_symbol_details.
[E 250709 14:33:35 smartWebSocketV2:948] DataException during search for token for SYMBOL (API Search: EXCHANGE, SYMBOL) in row 26 (Quarter Positions): Couldn't parse the JSON response received from the server: b'Access denied because of exceeding access rate'. Raw content: Couldn't parse the JSON response received from the server: b'Access denied because of exceeding access rate' (Attempt 1)
[E 250709 14:33:37 smartWebSocketV2:948] DataException during search for token for SYMBOL (API Search: EXCHANGE, SYMBOL) in row 26 (Quarter Positions): Couldn't parse the JSON response received from the server: b''. Raw content: Couldn't parse the JSON response received from the server: b'' (Attempt 2)
[E 250709 14:33:37 smartWebSocketV2:962] Failed to fetch token for SYMBOL (Quarter Positions) after 5 attempts.
[E 250709 14:33:37 smartWebSocketV2:1006] Token not found for Symbol in row 26 (Quarter Positions). This symbol will be skipped for LTP updates, and not added to excel_symbol_details.
[E 250709 14:34:11 smartWebSocketV2:1229] An unexpected error occurred in the Excel update phase: (-2146777998, 'OLE error 0x800ac472', None, None)
    Traceback (most recent call last):
      File "smartWebSocketV2.py", line 1150, in update_excel_live_data
        if details.get("orh_setup_col"): # Only clear if this column was configured for this entry
                ^^^^^^^^^^^^^^^^^^^^^^^^^^^^^^^^^^^^^^^^^^^^^^^^^^^^^^^^^^^^^^^^^^^^^^
      File "xlwings\main.py", line 2268, in number_format
      File "xlwings\_xlwindows.py", line 1328, in number_format
      File "xlwings\_xlwindows.py", line 161, in __setattr__
      File "win32com\client\__init__.py", line 600, in __setattr__
    pywintypes.com_error: (-2146777998, 'OLE error 0x800ac472', None, None)
[E 250709 14:35:03 smartWebSocketV2:948] DataException during search for token for SYMBOL (API Search: EXCHANGE, SYMBOL) in row 17 (Focus List): Couldn't parse the JSON response received from the server: b''. Raw content: Couldn't parse the JSON response received from the server: b'' (Attempt 1)
[E 250709 14:35:03 smartWebSocketV2:962] Failed to fetch token for SYMBOL (Focus List) after 5 attempts.
[E 250709 14:35:03 smartWebSocketV2:1006] Token not found for Symbol in row 17 (Focus List). This symbol will be skipped for LTP updates, and not added to excel_symbol_details.
[E 250709 14:35:03 smartWebSocketV2:948] DataException during search for token for SYMBOL (API Search: EXCHANGE, SYMBOL) in row 17 (Full Positions): Couldn't parse the JSON response received from the server: b'Access denied because of exceeding access rate'. Raw content: Couldn't parse the JSON response received from the server: b'Access denied because of exceeding access rate' (Attempt 1)
[E 250709 14:35:05 smartWebSocketV2:948] DataException during search for token for SYMBOL (API Search: EXCHANGE, SYMBOL) in row 17 (Full Positions): Couldn't parse the JSON response received from the server: b''. Raw content: Couldn't parse the JSON response received from the server: b'' (Attempt 2)
[E 250709 14:35:05 smartWebSocketV2:962] Failed to fetch token for SYMBOL (Full Positions) after 5 attempts.
[E 250709 14:35:05 smartWebSocketV2:1006] Token not found for Symbol in row 17 (Full Positions). This symbol will be skipped for LTP updates, and not added to excel_symbol_details.
[E 250709 14:35:06 smartWebSocketV2:948] DataException during search for token for SYMBOL (API Search: EXCHANGE, SYMBOL) in row 26 (Indices): Couldn't parse the JSON response received from the server: b'Access denied because of exceeding access rate'. Raw content: Couldn't parse the JSON response received from the server: b'Access denied because of exceeding access rate' (Attempt 1)
[E 250709 14:35:08 smartWebSocketV2:948] DataException during search for token for SYMBOL (API Search: EXCHANGE, SYMBOL) in row 26 (Indices): Couldn't parse the JSON response received from the server: b''. Raw content: Couldn't parse the JSON response received from the server: b'' (Attempt 2)
[E 250709 14:35:08 smartWebSocketV2:962] Failed to fetch token for SYMBOL (Indices) after 5 attempts.
[E 250709 14:35:08 smartWebSocketV2:1006] Token not found for Symbol in row 26 (Indices). This symbol will be skipped for LTP updates, and not added to excel_symbol_details.
[E 250709 14:35:08 smartWebSocketV2:948] DataException during search for token for SYMBOL (API Search: EXCHANGE, SYMBOL) in row 26 (Quarter Positions): Couldn't parse the JSON response received from the server: b''. Raw content: Couldn't parse the JSON response received from the server: b'' (Attempt 1)
[E 250709 14:35:08 smartWebSocketV2:962] Failed to fetch token for SYMBOL (Quarter Positions) after 5 attempts.
[E 250709 14:35:08 smartWebSocketV2:1006] Token not found for Symbol in row 26 (Quarter Positions). This symbol will be skipped for LTP updates, and not added to excel_symbol_details.
[E 250709 14:36:29 smartWebSocketV2:948] DataException during search for token for SYMBOL (API Search: EXCHANGE, SYMBOL) in row 17 (Focus List): Couldn't parse the JSON response received from the server: b''. Raw content: Couldn't parse the JSON response received from the server: b'' (Attempt 1)
[E 250709 14:36:29 smartWebSocketV2:962] Failed to fetch token for SYMBOL (Focus List) after 5 attempts.
[E 250709 14:36:29 smartWebSocketV2:1006] Token not found for Symbol in row 17 (Focus List). This symbol will be skipped for LTP updates, and not added to excel_symbol_details.
[E 250709 14:36:30 smartWebSocketV2:948] DataException during search for token for SYMBOL (API Search: EXCHANGE, SYMBOL) in row 17 (Full Positions): Couldn't parse the JSON response received from the server: b'Access denied because of exceeding access rate'. Raw content: Couldn't parse the JSON response received from the server: b'Access denied because of exceeding access rate' (Attempt 1)
[E 250709 14:36:32 smartWebSocketV2:948] DataException during search for token for SYMBOL (API Search: EXCHANGE, SYMBOL) in row 17 (Full Positions): Couldn't parse the JSON response received from the server: b''. Raw content: Couldn't parse the JSON response received from the server: b'' (Attempt 2)
[E 250709 14:36:32 smartWebSocketV2:962] Failed to fetch token for SYMBOL (Full Positions) after 5 attempts.
[E 250709 14:36:32 smartWebSocketV2:1006] Token not found for Symbol in row 17 (Full Positions). This symbol will be skipped for LTP updates, and not added to excel_symbol_details.
[E 250709 14:36:32 smartWebSocketV2:948] DataException during search for token for SYMBOL (API Search: EXCHANGE, SYMBOL) in row 26 (Indices): Couldn't parse the JSON response received from the server: b'Access denied because of exceeding access rate'. Raw content: Couldn't parse the JSON response received from the server: b'Access denied because of exceeding access rate' (Attempt 1)
[E 250709 14:36:35 smartWebSocketV2:948] DataException during search for token for SYMBOL (API Search: EXCHANGE, SYMBOL) in row 26 (Indices): Couldn't parse the JSON response received from the server: b''. Raw content: Couldn't parse the JSON response received from the server: b'' (Attempt 2)
[E 250709 14:36:35 smartWebSocketV2:962] Failed to fetch token for SYMBOL (Indices) after 5 attempts.
[E 250709 14:36:35 smartWebSocketV2:1006] Token not found for Symbol in row 26 (Indices). This symbol will be skipped for LTP updates, and not added to excel_symbol_details.
[E 250709 14:36:35 smartWebSocketV2:948] DataException during search for token for SYMBOL (API Search: EXCHANGE, SYMBOL) in row 26 (Quarter Positions): Couldn't parse the JSON response received from the server: b'Access denied because of exceeding access rate'. Raw content: Couldn't parse the JSON response received from the server: b'Access denied because of exceeding access rate' (Attempt 1)
[E 250709 14:36:37 smartWebSocketV2:948] DataException during search for token for SYMBOL (API Search: EXCHANGE, SYMBOL) in row 26 (Quarter Positions): Couldn't parse the JSON response received from the server: b''. Raw content: Couldn't parse the JSON response received from the server: b'' (Attempt 2)
[E 250709 14:36:37 smartWebSocketV2:962] Failed to fetch token for SYMBOL (Quarter Positions) after 5 attempts.
[E 250709 14:36:37 smartWebSocketV2:1006] Token not found for Symbol in row 26 (Quarter Positions). This symbol will be skipped for LTP updates, and not added to excel_symbol_details.
[E 250709 14:38:05 smartWebSocketV2:948] DataException during search for token for SYMBOL (API Search: EXCHANGE, SYMBOL) in row 17 (Focus List): Couldn't parse the JSON response received from the server: b''. Raw content: Couldn't parse the JSON response received from the server: b'' (Attempt 1)
[E 250709 14:38:05 smartWebSocketV2:962] Failed to fetch token for SYMBOL (Focus List) after 5 attempts.
[E 250709 14:38:05 smartWebSocketV2:1006] Token not found for Symbol in row 17 (Focus List). This symbol will be skipped for LTP updates, and not added to excel_symbol_details.
[E 250709 14:38:05 smartWebSocketV2:948] DataException during search for token for SYMBOL (API Search: EXCHANGE, SYMBOL) in row 17 (Full Positions): Couldn't parse the JSON response received from the server: b''. Raw content: Couldn't parse the JSON response received from the server: b'' (Attempt 1)
[E 250709 14:38:05 smartWebSocketV2:962] Failed to fetch token for SYMBOL (Full Positions) after 5 attempts.
[E 250709 14:38:05 smartWebSocketV2:1006] Token not found for Symbol in row 17 (Full Positions). This symbol will be skipped for LTP updates, and not added to excel_symbol_details.
[E 250709 14:38:05 smartWebSocketV2:948] DataException during search for token for SYMBOL (API Search: EXCHANGE, SYMBOL) in row 26 (Indices): Couldn't parse the JSON response received from the server: b'Access denied because of exceeding access rate'. Raw content: Couldn't parse the JSON response received from the server: b'Access denied because of exceeding access rate' (Attempt 1)
[E 250709 14:38:08 smartWebSocketV2:948] DataException during search for token for SYMBOL (API Search: EXCHANGE, SYMBOL) in row 26 (Indices): Couldn't parse the JSON response received from the server: b''. Raw content: Couldn't parse the JSON response received from the server: b'' (Attempt 2)
[E 250709 14:38:08 smartWebSocketV2:962] Failed to fetch token for SYMBOL (Indices) after 5 attempts.
[E 250709 14:38:08 smartWebSocketV2:1006] Token not found for Symbol in row 26 (Indices). This symbol will be skipped for LTP updates, and not added to excel_symbol_details.
[E 250709 14:38:08 smartWebSocketV2:948] DataException during search for token for SYMBOL (API Search: EXCHANGE, SYMBOL) in row 26 (Quarter Positions): Couldn't parse the JSON response received from the server: b'Access denied because of exceeding access rate'. Raw content: Couldn't parse the JSON response received from the server: b'Access denied because of exceeding access rate' (Attempt 1)
[E 250709 14:38:10 smartWebSocketV2:948] DataException during search for token for SYMBOL (API Search: EXCHANGE, SYMBOL) in row 26 (Quarter Positions): Couldn't parse the JSON response received from the server: b''. Raw content: Couldn't parse the JSON response received from the server: b'' (Attempt 2)
[E 250709 14:38:10 smartWebSocketV2:962] Failed to fetch token for SYMBOL (Quarter Positions) after 5 attempts.
[E 250709 14:38:10 smartWebSocketV2:1006] Token not found for Symbol in row 26 (Quarter Positions). This symbol will be skipped for LTP updates, and not added to excel_symbol_details.
[E 250709 14:39:30 smartWebSocketV2:948] DataException during search for token for SYMBOL (API Search: EXCHANGE, SYMBOL) in row 17 (Focus List): Couldn't parse the JSON response received from the server: b''. Raw content: Couldn't parse the JSON response received from the server: b'' (Attempt 1)
[E 250709 14:39:30 smartWebSocketV2:962] Failed to fetch token for SYMBOL (Focus List) after 5 attempts.
[E 250709 14:39:30 smartWebSocketV2:1006] Token not found for Symbol in row 17 (Focus List). This symbol will be skipped for LTP updates, and not added to excel_symbol_details.
[E 250709 14:39:30 smartWebSocketV2:948] DataException during search for token for SYMBOL (API Search: EXCHANGE, SYMBOL) in row 17 (Full Positions): Couldn't parse the JSON response received from the server: b''. Raw content: Couldn't parse the JSON response received from the server: b'' (Attempt 1)
[E 250709 14:39:30 smartWebSocketV2:962] Failed to fetch token for SYMBOL (Full Positions) after 5 attempts.
[E 250709 14:39:30 smartWebSocketV2:1006] Token not found for Symbol in row 17 (Full Positions). This symbol will be skipped for LTP updates, and not added to excel_symbol_details.
[E 250709 14:39:30 smartWebSocketV2:948] DataException during search for token for SYMBOL (API Search: EXCHANGE, SYMBOL) in row 26 (Indices): Couldn't parse the JSON response received from the server: b'Access denied because of exceeding access rate'. Raw content: Couldn't parse the JSON response received from the server: b'Access denied because of exceeding access rate' (Attempt 1)
[E 250709 14:39:33 smartWebSocketV2:948] DataException during search for token for SYMBOL (API Search: EXCHANGE, SYMBOL) in row 26 (Indices): Couldn't parse the JSON response received from the server: b''. Raw content: Couldn't parse the JSON response received from the server: b'' (Attempt 2)
[E 250709 14:39:33 smartWebSocketV2:962] Failed to fetch token for SYMBOL (Indices) after 5 attempts.
[E 250709 14:39:33 smartWebSocketV2:1006] Token not found for Symbol in row 26 (Indices). This symbol will be skipped for LTP updates, and not added to excel_symbol_details.
[E 250709 14:39:33 smartWebSocketV2:948] DataException during search for token for SYMBOL (API Search: EXCHANGE, SYMBOL) in row 26 (Quarter Positions): Couldn't parse the JSON response received from the server: b'Access denied because of exceeding access rate'. Raw content: Couldn't parse the JSON response received from the server: b'Access denied because of exceeding access rate' (Attempt 1)
[E 250709 14:39:35 smartWebSocketV2:948] DataException during search for token for SYMBOL (API Search: EXCHANGE, SYMBOL) in row 26 (Quarter Positions): Couldn't parse the JSON response received from the server: b''. Raw content: Couldn't parse the JSON response received from the server: b'' (Attempt 2)
[E 250709 14:39:35 smartWebSocketV2:962] Failed to fetch token for SYMBOL (Quarter Positions) after 5 attempts.
[E 250709 14:39:35 smartWebSocketV2:1006] Token not found for Symbol in row 26 (Quarter Positions). This symbol will be skipped for LTP updates, and not added to excel_symbol_details.
[E 250709 14:40:57 smartWebSocketV2:948] DataException during search for token for SYMBOL (API Search: EXCHANGE, SYMBOL) in row 17 (Focus List): Couldn't parse the JSON response received from the server: b''. Raw content: Couldn't parse the JSON response received from the server: b'' (Attempt 1)
[E 250709 14:40:57 smartWebSocketV2:962] Failed to fetch token for SYMBOL (Focus List) after 5 attempts.
[E 250709 14:40:57 smartWebSocketV2:1006] Token not found for Symbol in row 17 (Focus List). This symbol will be skipped for LTP updates, and not added to excel_symbol_details.
[E 250709 14:40:58 smartWebSocketV2:948] DataException during search for token for SYMBOL (API Search: EXCHANGE, SYMBOL) in row 17 (Full Positions): Couldn't parse the JSON response received from the server: b'Access denied because of exceeding access rate'. Raw content: Couldn't parse the JSON response received from the server: b'Access denied because of exceeding access rate' (Attempt 1)
[E 250709 14:41:00 smartWebSocketV2:948] DataException during search for token for SYMBOL (API Search: EXCHANGE, SYMBOL) in row 17 (Full Positions): Couldn't parse the JSON response received from the server: b''. Raw content: Couldn't parse the JSON response received from the server: b'' (Attempt 2)
[E 250709 14:41:00 smartWebSocketV2:962] Failed to fetch token for SYMBOL (Full Positions) after 5 attempts.
[E 250709 14:41:00 smartWebSocketV2:1006] Token not found for Symbol in row 17 (Full Positions). This symbol will be skipped for LTP updates, and not added to excel_symbol_details.
[E 250709 14:41:00 smartWebSocketV2:948] DataException during search for token for SYMBOL (API Search: EXCHANGE, SYMBOL) in row 26 (Indices): Couldn't parse the JSON response received from the server: b'Access denied because of exceeding access rate'. Raw content: Couldn't parse the JSON response received from the server: b'Access denied because of exceeding access rate' (Attempt 1)
[E 250709 14:41:03 smartWebSocketV2:948] DataException during search for token for SYMBOL (API Search: EXCHANGE, SYMBOL) in row 26 (Indices): Couldn't parse the JSON response received from the server: b''. Raw content: Couldn't parse the JSON response received from the server: b'' (Attempt 2)
[E 250709 14:41:03 smartWebSocketV2:962] Failed to fetch token for SYMBOL (Indices) after 5 attempts.
[E 250709 14:41:03 smartWebSocketV2:1006] Token not found for Symbol in row 26 (Indices). This symbol will be skipped for LTP updates, and not added to excel_symbol_details.
[E 250709 14:41:03 smartWebSocketV2:948] DataException during search for token for SYMBOL (API Search: EXCHANGE, SYMBOL) in row 26 (Quarter Positions): Couldn't parse the JSON response received from the server: b'Access denied because of exceeding access rate'. Raw content: Couldn't parse the JSON response received from the server: b'Access denied because of exceeding access rate' (Attempt 1)
[E 250709 14:41:05 smartWebSocketV2:948] DataException during search for token for SYMBOL (API Search: EXCHANGE, SYMBOL) in row 26 (Quarter Positions): Couldn't parse the JSON response received from the server: b''. Raw content: Couldn't parse the JSON response received from the server: b'' (Attempt 2)
[E 250709 14:41:05 smartWebSocketV2:962] Failed to fetch token for SYMBOL (Quarter Positions) after 5 attempts.
[E 250709 14:41:05 smartWebSocketV2:1006] Token not found for Symbol in row 26 (Quarter Positions). This symbol will be skipped for LTP updates, and not added to excel_symbol_details.
[E 250709 14:42:36 smartWebSocketV2:948] DataException during search for token for SYMBOL (API Search: EXCHANGE, SYMBOL) in row 17 (Focus List): Couldn't parse the JSON response received from the server: b''. Raw content: Couldn't parse the JSON response received from the server: b'' (Attempt 1)
[E 250709 14:42:36 smartWebSocketV2:962] Failed to fetch token for SYMBOL (Focus List) after 5 attempts.
[E 250709 14:42:36 smartWebSocketV2:1006] Token not found for Symbol in row 17 (Focus List). This symbol will be skipped for LTP updates, and not added to excel_symbol_details.
[E 250709 14:42:36 smartWebSocketV2:948] DataException during search for token for SYMBOL (API Search: EXCHANGE, SYMBOL) in row 17 (Full Positions): Couldn't parse the JSON response received from the server: b''. Raw content: Couldn't parse the JSON response received from the server: b'' (Attempt 1)
[E 250709 14:42:36 smartWebSocketV2:962] Failed to fetch token for SYMBOL (Full Positions) after 5 attempts.
[E 250709 14:42:36 smartWebSocketV2:1006] Token not found for Symbol in row 17 (Full Positions). This symbol will be skipped for LTP updates, and not added to excel_symbol_details.
[E 250709 14:42:36 smartWebSocketV2:948] DataException during search for token for SYMBOL (API Search: EXCHANGE, SYMBOL) in row 26 (Indices): Couldn't parse the JSON response received from the server: b'Access denied because of exceeding access rate'. Raw content: Couldn't parse the JSON response received from the server: b'Access denied because of exceeding access rate' (Attempt 1)
[E 250709 14:42:39 smartWebSocketV2:948] DataException during search for token for SYMBOL (API Search: EXCHANGE, SYMBOL) in row 26 (Indices): Couldn't parse the JSON response received from the server: b''. Raw content: Couldn't parse the JSON response received from the server: b'' (Attempt 2)
[E 250709 14:42:39 smartWebSocketV2:962] Failed to fetch token for SYMBOL (Indices) after 5 attempts.
[E 250709 14:42:39 smartWebSocketV2:1006] Token not found for Symbol in row 26 (Indices). This symbol will be skipped for LTP updates, and not added to excel_symbol_details.
[E 250709 14:42:39 smartWebSocketV2:948] DataException during search for token for SYMBOL (API Search: EXCHANGE, SYMBOL) in row 26 (Quarter Positions): Couldn't parse the JSON response received from the server: b'Access denied because of exceeding access rate'. Raw content: Couldn't parse the JSON response received from the server: b'Access denied because of exceeding access rate' (Attempt 1)
[E 250709 14:42:42 smartWebSocketV2:948] DataException during search for token for SYMBOL (API Search: EXCHANGE, SYMBOL) in row 26 (Quarter Positions): Couldn't parse the JSON response received from the server: b''. Raw content: Couldn't parse the JSON response received from the server: b'' (Attempt 2)
[E 250709 14:42:42 smartWebSocketV2:962] Failed to fetch token for SYMBOL (Quarter Positions) after 5 attempts.
[E 250709 14:42:42 smartWebSocketV2:1006] Token not found for Symbol in row 26 (Quarter Positions). This symbol will be skipped for LTP updates, and not added to excel_symbol_details.
