[I 250619 14:27:45 smartConnect:124] in pool
[E 250619 14:27:47 smartWebSocketV2:906] DataException during search for token for SYMBOL (API Search: EXCHANGE, SYMBOL) in row 17 (Focus List): Couldn't parse the JSON response received from the server: b''. Raw content: Couldn't parse the JSON response received from the server: b'' (Attempt 1)
[E 250619 14:27:47 smartWebSocketV2:920] Failed to fetch token for SYMBOL (Focus List) after 5 attempts.
[E 250619 14:27:47 smartWebSocketV2:952] Token not found for Symbol in row 17 (Focus List). This symbol will be skipped for LTP updates, and not added to excel_symbol_details.
[E 250619 14:27:47 smartWebSocketV2:906] DataException during search for token for SYMBOL (API Search: EXCHANGE, SYMBOL) in row 17 (Full Positions): Couldn't parse the JSON response received from the server: b'Access denied because of exceeding access rate'. Raw content: Couldn't parse the JSON response received from the server: b'Access denied because of exceeding access rate' (Attempt 1)
[E 250619 14:27:50 smartWebSocketV2:906] DataException during search for token for SYMBOL (API Search: EXCHANGE, SYMBOL) in row 17 (Full Positions): Couldn't parse the JSON response received from the server: b''. Raw content: Couldn't parse the JSON response received from the server: b'' (Attempt 2)
[E 250619 14:27:50 smartWebSocketV2:920] Failed to fetch token for SYMBOL (Full Positions) after 5 attempts.
[E 250619 14:27:50 smartWebSocketV2:952] Token not found for Symbol in row 17 (Full Positions). This symbol will be skipped for LTP updates, and not added to excel_symbol_details.
[E 250619 14:27:50 smartWebSocketV2:906] DataException during search for token for SYMBOL (API Search: EXCHANGE, SYMBOL) in row 26 (Indices): Couldn't parse the JSON response received from the server: b'Access denied because of exceeding access rate'. Raw content: Couldn't parse the JSON response received from the server: b'Access denied because of exceeding access rate' (Attempt 1)
[E 250619 14:27:52 smartWebSocketV2:906] DataException during search for token for SYMBOL (API Search: EXCHANGE, SYMBOL) in row 26 (Indices): Couldn't parse the JSON response received from the server: b''. Raw content: Couldn't parse the JSON response received from the server: b'' (Attempt 2)
[E 250619 14:27:52 smartWebSocketV2:920] Failed to fetch token for SYMBOL (Indices) after 5 attempts.
[E 250619 14:27:52 smartWebSocketV2:952] Token not found for Symbol in row 26 (Indices). This symbol will be skipped for LTP updates, and not added to excel_symbol_details.
[E 250619 14:27:53 smartWebSocketV2:906] DataException during search for token for SYMBOL (API Search: EXCHANGE, SYMBOL) in row 26 (Quarter Positions): Couldn't parse the JSON response received from the server: b''. Raw content: Couldn't parse the JSON response received from the server: b'' (Attempt 1)
[E 250619 14:27:53 smartWebSocketV2:920] Failed to fetch token for SYMBOL (Quarter Positions) after 5 attempts.
[E 250619 14:27:53 smartWebSocketV2:952] Token not found for Symbol in row 26 (Quarter Positions). This symbol will be skipped for LTP updates, and not added to excel_symbol_details.
[E 250619 14:28:41 smartWebSocketV2:906] DataException during search for token for SYMBOL (API Search: EXCHANGE, SYMBOL) in row 17 (Focus List): Couldn't parse the JSON response received from the server: b''. Raw content: Couldn't parse the JSON response received from the server: b'' (Attempt 1)
[E 250619 14:28:41 smartWebSocketV2:920] Failed to fetch token for SYMBOL (Focus List) after 5 attempts.
[E 250619 14:28:41 smartWebSocketV2:952] Token not found for Symbol in row 17 (Focus List). This symbol will be skipped for LTP updates, and not added to excel_symbol_details.
[E 250619 14:28:41 smartWebSocketV2:906] DataException during search for token for SYMBOL (API Search: EXCHANGE, SYMBOL) in row 17 (Full Positions): Couldn't parse the JSON response received from the server: b''. Raw content: Couldn't parse the JSON response received from the server: b'' (Attempt 1)
[E 250619 14:28:41 smartWebSocketV2:920] Failed to fetch token for SYMBOL (Full Positions) after 5 attempts.
[E 250619 14:28:41 smartWebSocketV2:952] Token not found for Symbol in row 17 (Full Positions). This symbol will be skipped for LTP updates, and not added to excel_symbol_details.
[E 250619 14:28:42 smartWebSocketV2:906] DataException during search for token for SYMBOL (API Search: EXCHANGE, SYMBOL) in row 26 (Indices): Couldn't parse the JSON response received from the server: b'Access denied because of exceeding access rate'. Raw content: Couldn't parse the JSON response received from the server: b'Access denied because of exceeding access rate' (Attempt 1)
[E 250619 14:28:44 smartWebSocketV2:906] DataException during search for token for SYMBOL (API Search: EXCHANGE, SYMBOL) in row 26 (Indices): Couldn't parse the JSON response received from the server: b''. Raw content: Couldn't parse the JSON response received from the server: b'' (Attempt 2)
[E 250619 14:28:44 smartWebSocketV2:920] Failed to fetch token for SYMBOL (Indices) after 5 attempts.
[E 250619 14:28:44 smartWebSocketV2:952] Token not found for Symbol in row 26 (Indices). This symbol will be skipped for LTP updates, and not added to excel_symbol_details.
[E 250619 14:28:44 smartWebSocketV2:906] DataException during search for token for SYMBOL (API Search: EXCHANGE, SYMBOL) in row 26 (Quarter Positions): Couldn't parse the JSON response received from the server: b'Access denied because of exceeding access rate'. Raw content: Couldn't parse the JSON response received from the server: b'Access denied because of exceeding access rate' (Attempt 1)
[E 250619 14:28:47 smartWebSocketV2:906] DataException during search for token for SYMBOL (API Search: EXCHANGE, SYMBOL) in row 26 (Quarter Positions): Couldn't parse the JSON response received from the server: b''. Raw content: Couldn't parse the JSON response received from the server: b'' (Attempt 2)
[E 250619 14:28:47 smartWebSocketV2:920] Failed to fetch token for SYMBOL (Quarter Positions) after 5 attempts.
[E 250619 14:28:47 smartWebSocketV2:952] Token not found for Symbol in row 26 (Quarter Positions). This symbol will be skipped for LTP updates, and not added to excel_symbol_details.
[E 250619 14:30:00 smartWebSocketV2:906] DataException during search for token for SYMBOL (API Search: EXCHANGE, SYMBOL) in row 17 (Focus List): Couldn't parse the JSON response received from the server: b''. Raw content: Couldn't parse the JSON response received from the server: b'' (Attempt 1)
[E 250619 14:30:00 smartWebSocketV2:920] Failed to fetch token for SYMBOL (Focus List) after 5 attempts.
[E 250619 14:30:00 smartWebSocketV2:952] Token not found for Symbol in row 17 (Focus List). This symbol will be skipped for LTP updates, and not added to excel_symbol_details.
[E 250619 14:30:01 smartWebSocketV2:906] DataException during search for token for SYMBOL (API Search: EXCHANGE, SYMBOL) in row 17 (Full Positions): Couldn't parse the JSON response received from the server: b''. Raw content: Couldn't parse the JSON response received from the server: b'' (Attempt 1)
[E 250619 14:30:01 smartWebSocketV2:920] Failed to fetch token for SYMBOL (Full Positions) after 5 attempts.
[E 250619 14:30:01 smartWebSocketV2:952] Token not found for Symbol in row 17 (Full Positions). This symbol will be skipped for LTP updates, and not added to excel_symbol_details.
[E 250619 14:30:02 smartWebSocketV2:906] DataException during search for token for SYMBOL (API Search: EXCHANGE, SYMBOL) in row 26 (Indices): Couldn't parse the JSON response received from the server: b''. Raw content: Couldn't parse the JSON response received from the server: b'' (Attempt 1)
[E 250619 14:30:02 smartWebSocketV2:920] Failed to fetch token for SYMBOL (Indices) after 5 attempts.
[E 250619 14:30:02 smartWebSocketV2:952] Token not found for Symbol in row 26 (Indices). This symbol will be skipped for LTP updates, and not added to excel_symbol_details.
[E 250619 14:30:03 smartWebSocketV2:906] DataException during search for token for SYMBOL (API Search: EXCHANGE, SYMBOL) in row 26 (Quarter Positions): Couldn't parse the JSON response received from the server: b''. Raw content: Couldn't parse the JSON response received from the server: b'' (Attempt 1)
[E 250619 14:30:03 smartWebSocketV2:920] Failed to fetch token for SYMBOL (Quarter Positions) after 5 attempts.
[E 250619 14:30:03 smartWebSocketV2:952] Token not found for Symbol in row 26 (Quarter Positions). This symbol will be skipped for LTP updates, and not added to excel_symbol_details.
[E 250619 14:30:55 smartWebSocketV2:906] DataException during search for token for SYMBOL (API Search: EXCHANGE, SYMBOL) in row 17 (Focus List): Couldn't parse the JSON response received from the server: b''. Raw content: Couldn't parse the JSON response received from the server: b'' (Attempt 1)
[E 250619 14:30:55 smartWebSocketV2:920] Failed to fetch token for SYMBOL (Focus List) after 5 attempts.
[E 250619 14:30:55 smartWebSocketV2:952] Token not found for Symbol in row 17 (Focus List). This symbol will be skipped for LTP updates, and not added to excel_symbol_details.
[E 250619 14:30:55 smartWebSocketV2:906] DataException during search for token for SYMBOL (API Search: EXCHANGE, SYMBOL) in row 17 (Full Positions): Couldn't parse the JSON response received from the server: b'Access denied because of exceeding access rate'. Raw content: Couldn't parse the JSON response received from the server: b'Access denied because of exceeding access rate' (Attempt 1)
[E 250619 14:30:58 smartWebSocketV2:906] DataException during search for token for SYMBOL (API Search: EXCHANGE, SYMBOL) in row 17 (Full Positions): Couldn't parse the JSON response received from the server: b''. Raw content: Couldn't parse the JSON response received from the server: b'' (Attempt 2)
[E 250619 14:30:58 smartWebSocketV2:920] Failed to fetch token for SYMBOL (Full Positions) after 5 attempts.
[E 250619 14:30:58 smartWebSocketV2:952] Token not found for Symbol in row 17 (Full Positions). This symbol will be skipped for LTP updates, and not added to excel_symbol_details.
[E 250619 14:30:58 smartWebSocketV2:906] DataException during search for token for SYMBOL (API Search: EXCHANGE, SYMBOL) in row 26 (Indices): Couldn't parse the JSON response received from the server: b'Access denied because of exceeding access rate'. Raw content: Couldn't parse the JSON response received from the server: b'Access denied because of exceeding access rate' (Attempt 1)
[E 250619 14:31:00 smartWebSocketV2:906] DataException during search for token for SYMBOL (API Search: EXCHANGE, SYMBOL) in row 26 (Indices): Couldn't parse the JSON response received from the server: b''. Raw content: Couldn't parse the JSON response received from the server: b'' (Attempt 2)
[E 250619 14:31:00 smartWebSocketV2:920] Failed to fetch token for SYMBOL (Indices) after 5 attempts.
[E 250619 14:31:00 smartWebSocketV2:952] Token not found for Symbol in row 26 (Indices). This symbol will be skipped for LTP updates, and not added to excel_symbol_details.
[E 250619 14:31:01 smartWebSocketV2:906] DataException during search for token for SYMBOL (API Search: EXCHANGE, SYMBOL) in row 26 (Quarter Positions): Couldn't parse the JSON response received from the server: b''. Raw content: Couldn't parse the JSON response received from the server: b'' (Attempt 1)
[E 250619 14:31:01 smartWebSocketV2:920] Failed to fetch token for SYMBOL (Quarter Positions) after 5 attempts.
[E 250619 14:31:01 smartWebSocketV2:952] Token not found for Symbol in row 26 (Quarter Positions). This symbol will be skipped for LTP updates, and not added to excel_symbol_details.
[E 250619 14:31:44 smartWebSocketV2:906] DataException during search for token for SYMBOL (API Search: EXCHANGE, SYMBOL) in row 17 (Focus List): Couldn't parse the JSON response received from the server: b''. Raw content: Couldn't parse the JSON response received from the server: b'' (Attempt 1)
[E 250619 14:31:44 smartWebSocketV2:920] Failed to fetch token for SYMBOL (Focus List) after 5 attempts.
[E 250619 14:31:44 smartWebSocketV2:952] Token not found for Symbol in row 17 (Focus List). This symbol will be skipped for LTP updates, and not added to excel_symbol_details.
[E 250619 14:31:44 smartWebSocketV2:906] DataException during search for token for SYMBOL (API Search: EXCHANGE, SYMBOL) in row 17 (Full Positions): Couldn't parse the JSON response received from the server: b'Access denied because of exceeding access rate'. Raw content: Couldn't parse the JSON response received from the server: b'Access denied because of exceeding access rate' (Attempt 1)
[E 250619 14:31:46 smartWebSocketV2:906] DataException during search for token for SYMBOL (API Search: EXCHANGE, SYMBOL) in row 17 (Full Positions): Couldn't parse the JSON response received from the server: b''. Raw content: Couldn't parse the JSON response received from the server: b'' (Attempt 2)
[E 250619 14:31:46 smartWebSocketV2:920] Failed to fetch token for SYMBOL (Full Positions) after 5 attempts.
[E 250619 14:31:46 smartWebSocketV2:952] Token not found for Symbol in row 17 (Full Positions). This symbol will be skipped for LTP updates, and not added to excel_symbol_details.
[E 250619 14:31:47 smartWebSocketV2:906] DataException during search for token for SYMBOL (API Search: EXCHANGE, SYMBOL) in row 26 (Indices): Couldn't parse the JSON response received from the server: b''. Raw content: Couldn't parse the JSON response received from the server: b'' (Attempt 1)
[E 250619 14:31:47 smartWebSocketV2:920] Failed to fetch token for SYMBOL (Indices) after 5 attempts.
[E 250619 14:31:47 smartWebSocketV2:952] Token not found for Symbol in row 26 (Indices). This symbol will be skipped for LTP updates, and not added to excel_symbol_details.
[E 250619 14:31:47 smartWebSocketV2:906] DataException during search for token for SYMBOL (API Search: EXCHANGE, SYMBOL) in row 26 (Quarter Positions): Couldn't parse the JSON response received from the server: b'Access denied because of exceeding access rate'. Raw content: Couldn't parse the JSON response received from the server: b'Access denied because of exceeding access rate' (Attempt 1)
[E 250619 14:31:49 smartWebSocketV2:906] DataException during search for token for SYMBOL (API Search: EXCHANGE, SYMBOL) in row 26 (Quarter Positions): Couldn't parse the JSON response received from the server: b''. Raw content: Couldn't parse the JSON response received from the server: b'' (Attempt 2)
[E 250619 14:31:49 smartWebSocketV2:920] Failed to fetch token for SYMBOL (Quarter Positions) after 5 attempts.
[E 250619 14:31:49 smartWebSocketV2:952] Token not found for Symbol in row 26 (Quarter Positions). This symbol will be skipped for LTP updates, and not added to excel_symbol_details.
[E 250619 14:32:32 smartWebSocketV2:906] DataException during search for token for SYMBOL (API Search: EXCHANGE, SYMBOL) in row 17 (Focus List): Couldn't parse the JSON response received from the server: b''. Raw content: Couldn't parse the JSON response received from the server: b'' (Attempt 1)
[E 250619 14:32:32 smartWebSocketV2:920] Failed to fetch token for SYMBOL (Focus List) after 5 attempts.
[E 250619 14:32:32 smartWebSocketV2:952] Token not found for Symbol in row 17 (Focus List). This symbol will be skipped for LTP updates, and not added to excel_symbol_details.
[E 250619 14:32:32 smartWebSocketV2:906] DataException during search for token for SYMBOL (API Search: EXCHANGE, SYMBOL) in row 17 (Full Positions): Couldn't parse the JSON response received from the server: b'Access denied because of exceeding access rate'. Raw content: Couldn't parse the JSON response received from the server: b'Access denied because of exceeding access rate' (Attempt 1)
[E 250619 14:32:34 smartWebSocketV2:906] DataException during search for token for SYMBOL (API Search: EXCHANGE, SYMBOL) in row 17 (Full Positions): Couldn't parse the JSON response received from the server: b''. Raw content: Couldn't parse the JSON response received from the server: b'' (Attempt 2)
[E 250619 14:32:34 smartWebSocketV2:920] Failed to fetch token for SYMBOL (Full Positions) after 5 attempts.
[E 250619 14:32:34 smartWebSocketV2:952] Token not found for Symbol in row 17 (Full Positions). This symbol will be skipped for LTP updates, and not added to excel_symbol_details.
[E 250619 14:32:35 smartWebSocketV2:906] DataException during search for token for SYMBOL (API Search: EXCHANGE, SYMBOL) in row 26 (Indices): Couldn't parse the JSON response received from the server: b'Access denied because of exceeding access rate'. Raw content: Couldn't parse the JSON response received from the server: b'Access denied because of exceeding access rate' (Attempt 1)
[E 250619 14:32:37 smartWebSocketV2:906] DataException during search for token for SYMBOL (API Search: EXCHANGE, SYMBOL) in row 26 (Indices): Couldn't parse the JSON response received from the server: b''. Raw content: Couldn't parse the JSON response received from the server: b'' (Attempt 2)
[E 250619 14:32:37 smartWebSocketV2:920] Failed to fetch token for SYMBOL (Indices) after 5 attempts.
[E 250619 14:32:37 smartWebSocketV2:952] Token not found for Symbol in row 26 (Indices). This symbol will be skipped for LTP updates, and not added to excel_symbol_details.
[E 250619 14:32:37 smartWebSocketV2:906] DataException during search for token for SYMBOL (API Search: EXCHANGE, SYMBOL) in row 26 (Quarter Positions): Couldn't parse the JSON response received from the server: b'Access denied because of exceeding access rate'. Raw content: Couldn't parse the JSON response received from the server: b'Access denied because of exceeding access rate' (Attempt 1)
[E 250619 14:32:40 smartWebSocketV2:906] DataException during search for token for SYMBOL (API Search: EXCHANGE, SYMBOL) in row 26 (Quarter Positions): Couldn't parse the JSON response received from the server: b''. Raw content: Couldn't parse the JSON response received from the server: b'' (Attempt 2)
[E 250619 14:32:40 smartWebSocketV2:920] Failed to fetch token for SYMBOL (Quarter Positions) after 5 attempts.
[E 250619 14:32:40 smartWebSocketV2:952] Token not found for Symbol in row 26 (Quarter Positions). This symbol will be skipped for LTP updates, and not added to excel_symbol_details.
[E 250619 14:33:23 smartWebSocketV2:906] DataException during search for token for SYMBOL (API Search: EXCHANGE, SYMBOL) in row 17 (Focus List): Couldn't parse the JSON response received from the server: b''. Raw content: Couldn't parse the JSON response received from the server: b'' (Attempt 1)
[E 250619 14:33:23 smartWebSocketV2:920] Failed to fetch token for SYMBOL (Focus List) after 5 attempts.
[E 250619 14:33:23 smartWebSocketV2:952] Token not found for Symbol in row 17 (Focus List). This symbol will be skipped for LTP updates, and not added to excel_symbol_details.
[E 250619 14:33:24 smartWebSocketV2:906] DataException during search for token for SYMBOL (API Search: EXCHANGE, SYMBOL) in row 17 (Full Positions): Couldn't parse the JSON response received from the server: b''. Raw content: Couldn't parse the JSON response received from the server: b'' (Attempt 1)
[E 250619 14:33:24 smartWebSocketV2:920] Failed to fetch token for SYMBOL (Full Positions) after 5 attempts.
[E 250619 14:33:24 smartWebSocketV2:952] Token not found for Symbol in row 17 (Full Positions). This symbol will be skipped for LTP updates, and not added to excel_symbol_details.
[E 250619 14:33:24 smartWebSocketV2:906] DataException during search for token for SYMBOL (API Search: EXCHANGE, SYMBOL) in row 26 (Indices): Couldn't parse the JSON response received from the server: b'Access denied because of exceeding access rate'. Raw content: Couldn't parse the JSON response received from the server: b'Access denied because of exceeding access rate' (Attempt 1)
[E 250619 14:33:26 smartWebSocketV2:906] DataException during search for token for SYMBOL (API Search: EXCHANGE, SYMBOL) in row 26 (Indices): Couldn't parse the JSON response received from the server: b''. Raw content: Couldn't parse the JSON response received from the server: b'' (Attempt 2)
[E 250619 14:33:26 smartWebSocketV2:920] Failed to fetch token for SYMBOL (Indices) after 5 attempts.
[E 250619 14:33:26 smartWebSocketV2:952] Token not found for Symbol in row 26 (Indices). This symbol will be skipped for LTP updates, and not added to excel_symbol_details.
[E 250619 14:33:26 smartWebSocketV2:906] DataException during search for token for SYMBOL (API Search: EXCHANGE, SYMBOL) in row 26 (Quarter Positions): Couldn't parse the JSON response received from the server: b'Access denied because of exceeding access rate'. Raw content: Couldn't parse the JSON response received from the server: b'Access denied because of exceeding access rate' (Attempt 1)
[E 250619 14:33:29 smartWebSocketV2:906] DataException during search for token for SYMBOL (API Search: EXCHANGE, SYMBOL) in row 26 (Quarter Positions): Couldn't parse the JSON response received from the server: b''. Raw content: Couldn't parse the JSON response received from the server: b'' (Attempt 2)
[E 250619 14:33:29 smartWebSocketV2:920] Failed to fetch token for SYMBOL (Quarter Positions) after 5 attempts.
[E 250619 14:33:29 smartWebSocketV2:952] Token not found for Symbol in row 26 (Quarter Positions). This symbol will be skipped for LTP updates, and not added to excel_symbol_details.
[E 250619 14:34:25 smartWebSocketV2:906] DataException during search for token for SYMBOL (API Search: EXCHANGE, SYMBOL) in row 17 (Focus List): Couldn't parse the JSON response received from the server: b''. Raw content: Couldn't parse the JSON response received from the server: b'' (Attempt 1)
[E 250619 14:34:25 smartWebSocketV2:920] Failed to fetch token for SYMBOL (Focus List) after 5 attempts.
[E 250619 14:34:25 smartWebSocketV2:952] Token not found for Symbol in row 17 (Focus List). This symbol will be skipped for LTP updates, and not added to excel_symbol_details.
[E 250619 14:34:26 smartWebSocketV2:906] DataException during search for token for SYMBOL (API Search: EXCHANGE, SYMBOL) in row 17 (Full Positions): Couldn't parse the JSON response received from the server: b'Access denied because of exceeding access rate'. Raw content: Couldn't parse the JSON response received from the server: b'Access denied because of exceeding access rate' (Attempt 1)
[E 250619 14:34:28 smartWebSocketV2:906] DataException during search for token for SYMBOL (API Search: EXCHANGE, SYMBOL) in row 17 (Full Positions): Couldn't parse the JSON response received from the server: b''. Raw content: Couldn't parse the JSON response received from the server: b'' (Attempt 2)
[E 250619 14:34:28 smartWebSocketV2:920] Failed to fetch token for SYMBOL (Full Positions) after 5 attempts.
[E 250619 14:34:28 smartWebSocketV2:952] Token not found for Symbol in row 17 (Full Positions). This symbol will be skipped for LTP updates, and not added to excel_symbol_details.
[E 250619 14:34:29 smartWebSocketV2:906] DataException during search for token for SYMBOL (API Search: EXCHANGE, SYMBOL) in row 26 (Indices): Couldn't parse the JSON response received from the server: b''. Raw content: Couldn't parse the JSON response received from the server: b'' (Attempt 1)
[E 250619 14:34:29 smartWebSocketV2:920] Failed to fetch token for SYMBOL (Indices) after 5 attempts.
[E 250619 14:34:29 smartWebSocketV2:952] Token not found for Symbol in row 26 (Indices). This symbol will be skipped for LTP updates, and not added to excel_symbol_details.
[E 250619 14:34:29 smartWebSocketV2:906] DataException during search for token for SYMBOL (API Search: EXCHANGE, SYMBOL) in row 26 (Quarter Positions): Couldn't parse the JSON response received from the server: b'Access denied because of exceeding access rate'. Raw content: Couldn't parse the JSON response received from the server: b'Access denied because of exceeding access rate' (Attempt 1)
[E 250619 14:34:31 smartWebSocketV2:906] DataException during search for token for SYMBOL (API Search: EXCHANGE, SYMBOL) in row 26 (Quarter Positions): Couldn't parse the JSON response received from the server: b''. Raw content: Couldn't parse the JSON response received from the server: b'' (Attempt 2)
[E 250619 14:34:31 smartWebSocketV2:920] Failed to fetch token for SYMBOL (Quarter Positions) after 5 attempts.
[E 250619 14:34:31 smartWebSocketV2:952] Token not found for Symbol in row 26 (Quarter Positions). This symbol will be skipped for LTP updates, and not added to excel_symbol_details.
[E 250619 14:35:21 smartWebSocketV2:906] DataException during search for token for SYMBOL (API Search: EXCHANGE, SYMBOL) in row 17 (Focus List): Couldn't parse the JSON response received from the server: b''. Raw content: Couldn't parse the JSON response received from the server: b'' (Attempt 1)
[E 250619 14:35:21 smartWebSocketV2:920] Failed to fetch token for SYMBOL (Focus List) after 5 attempts.
[E 250619 14:35:21 smartWebSocketV2:952] Token not found for Symbol in row 17 (Focus List). This symbol will be skipped for LTP updates, and not added to excel_symbol_details.
[E 250619 14:35:21 smartWebSocketV2:906] DataException during search for token for SYMBOL (API Search: EXCHANGE, SYMBOL) in row 17 (Full Positions): Couldn't parse the JSON response received from the server: b'Access denied because of exceeding access rate'. Raw content: Couldn't parse the JSON response received from the server: b'Access denied because of exceeding access rate' (Attempt 1)
[E 250619 14:35:23 smartWebSocketV2:906] DataException during search for token for SYMBOL (API Search: EXCHANGE, SYMBOL) in row 17 (Full Positions): Couldn't parse the JSON response received from the server: b''. Raw content: Couldn't parse the JSON response received from the server: b'' (Attempt 2)
[E 250619 14:35:23 smartWebSocketV2:920] Failed to fetch token for SYMBOL (Full Positions) after 5 attempts.
[E 250619 14:35:23 smartWebSocketV2:952] Token not found for Symbol in row 17 (Full Positions). This symbol will be skipped for LTP updates, and not added to excel_symbol_details.
[E 250619 14:35:24 smartWebSocketV2:906] DataException during search for token for SYMBOL (API Search: EXCHANGE, SYMBOL) in row 26 (Indices): Couldn't parse the JSON response received from the server: b''. Raw content: Couldn't parse the JSON response received from the server: b'' (Attempt 1)
[E 250619 14:35:24 smartWebSocketV2:920] Failed to fetch token for SYMBOL (Indices) after 5 attempts.
[E 250619 14:35:24 smartWebSocketV2:952] Token not found for Symbol in row 26 (Indices). This symbol will be skipped for LTP updates, and not added to excel_symbol_details.
[E 250619 14:35:24 smartWebSocketV2:906] DataException during search for token for SYMBOL (API Search: EXCHANGE, SYMBOL) in row 26 (Quarter Positions): Couldn't parse the JSON response received from the server: b'Access denied because of exceeding access rate'. Raw content: Couldn't parse the JSON response received from the server: b'Access denied because of exceeding access rate' (Attempt 1)
[E 250619 14:35:27 smartWebSocketV2:906] DataException during search for token for SYMBOL (API Search: EXCHANGE, SYMBOL) in row 26 (Quarter Positions): Couldn't parse the JSON response received from the server: b''. Raw content: Couldn't parse the JSON response received from the server: b'' (Attempt 2)
[E 250619 14:35:27 smartWebSocketV2:920] Failed to fetch token for SYMBOL (Quarter Positions) after 5 attempts.
[E 250619 14:35:27 smartWebSocketV2:952] Token not found for Symbol in row 26 (Quarter Positions). This symbol will be skipped for LTP updates, and not added to excel_symbol_details.
[E 250619 14:36:14 smartWebSocketV2:906] DataException during search for token for SYMBOL (API Search: EXCHANGE, SYMBOL) in row 17 (Focus List): Couldn't parse the JSON response received from the server: b''. Raw content: Couldn't parse the JSON response received from the server: b'' (Attempt 1)
[E 250619 14:36:14 smartWebSocketV2:920] Failed to fetch token for SYMBOL (Focus List) after 5 attempts.
[E 250619 14:36:14 smartWebSocketV2:952] Token not found for Symbol in row 17 (Focus List). This symbol will be skipped for LTP updates, and not added to excel_symbol_details.
[E 250619 14:36:15 smartWebSocketV2:906] DataException during search for token for SYMBOL (API Search: EXCHANGE, SYMBOL) in row 17 (Full Positions): Couldn't parse the JSON response received from the server: b''. Raw content: Couldn't parse the JSON response received from the server: b'' (Attempt 1)
[E 250619 14:36:15 smartWebSocketV2:920] Failed to fetch token for SYMBOL (Full Positions) after 5 attempts.
[E 250619 14:36:15 smartWebSocketV2:952] Token not found for Symbol in row 17 (Full Positions). This symbol will be skipped for LTP updates, and not added to excel_symbol_details.
[E 250619 14:36:15 smartWebSocketV2:906] DataException during search for token for SYMBOL (API Search: EXCHANGE, SYMBOL) in row 26 (Indices): Couldn't parse the JSON response received from the server: b'Access denied because of exceeding access rate'. Raw content: Couldn't parse the JSON response received from the server: b'Access denied because of exceeding access rate' (Attempt 1)
[E 250619 14:36:18 smartWebSocketV2:906] DataException during search for token for SYMBOL (API Search: EXCHANGE, SYMBOL) in row 26 (Indices): Couldn't parse the JSON response received from the server: b''. Raw content: Couldn't parse the JSON response received from the server: b'' (Attempt 2)
[E 250619 14:36:18 smartWebSocketV2:920] Failed to fetch token for SYMBOL (Indices) after 5 attempts.
[E 250619 14:36:18 smartWebSocketV2:952] Token not found for Symbol in row 26 (Indices). This symbol will be skipped for LTP updates, and not added to excel_symbol_details.
[E 250619 14:36:18 smartWebSocketV2:906] DataException during search for token for SYMBOL (API Search: EXCHANGE, SYMBOL) in row 26 (Quarter Positions): Couldn't parse the JSON response received from the server: b'Access denied because of exceeding access rate'. Raw content: Couldn't parse the JSON response received from the server: b'Access denied because of exceeding access rate' (Attempt 1)
[E 250619 14:36:20 smartWebSocketV2:906] DataException during search for token for SYMBOL (API Search: EXCHANGE, SYMBOL) in row 26 (Quarter Positions): Couldn't parse the JSON response received from the server: b''. Raw content: Couldn't parse the JSON response received from the server: b'' (Attempt 2)
[E 250619 14:36:20 smartWebSocketV2:920] Failed to fetch token for SYMBOL (Quarter Positions) after 5 attempts.
[E 250619 14:36:20 smartWebSocketV2:952] Token not found for Symbol in row 26 (Quarter Positions). This symbol will be skipped for LTP updates, and not added to excel_symbol_details.
[E 250619 14:37:18 smartWebSocketV2:906] DataException during search for token for SYMBOL (API Search: EXCHANGE, SYMBOL) in row 17 (Focus List): Couldn't parse the JSON response received from the server: b''. Raw content: Couldn't parse the JSON response received from the server: b'' (Attempt 1)
[E 250619 14:37:18 smartWebSocketV2:920] Failed to fetch token for SYMBOL (Focus List) after 5 attempts.
[E 250619 14:37:18 smartWebSocketV2:952] Token not found for Symbol in row 17 (Focus List). This symbol will be skipped for LTP updates, and not added to excel_symbol_details.
[E 250619 14:37:19 smartWebSocketV2:906] DataException during search for token for SYMBOL (API Search: EXCHANGE, SYMBOL) in row 17 (Full Positions): Couldn't parse the JSON response received from the server: b''. Raw content: Couldn't parse the JSON response received from the server: b'' (Attempt 1)
[E 250619 14:37:19 smartWebSocketV2:920] Failed to fetch token for SYMBOL (Full Positions) after 5 attempts.
[E 250619 14:37:19 smartWebSocketV2:952] Token not found for Symbol in row 17 (Full Positions). This symbol will be skipped for LTP updates, and not added to excel_symbol_details.
[E 250619 14:37:19 smartWebSocketV2:906] DataException during search for token for SYMBOL (API Search: EXCHANGE, SYMBOL) in row 26 (Indices): Couldn't parse the JSON response received from the server: b'Access denied because of exceeding access rate'. Raw content: Couldn't parse the JSON response received from the server: b'Access denied because of exceeding access rate' (Attempt 1)
[E 250619 14:37:21 smartWebSocketV2:906] DataException during search for token for SYMBOL (API Search: EXCHANGE, SYMBOL) in row 26 (Indices): Couldn't parse the JSON response received from the server: b''. Raw content: Couldn't parse the JSON response received from the server: b'' (Attempt 2)
[E 250619 14:37:21 smartWebSocketV2:920] Failed to fetch token for SYMBOL (Indices) after 5 attempts.
[E 250619 14:37:21 smartWebSocketV2:952] Token not found for Symbol in row 26 (Indices). This symbol will be skipped for LTP updates, and not added to excel_symbol_details.
[E 250619 14:37:22 smartWebSocketV2:906] DataException during search for token for SYMBOL (API Search: EXCHANGE, SYMBOL) in row 26 (Quarter Positions): Couldn't parse the JSON response received from the server: b''. Raw content: Couldn't parse the JSON response received from the server: b'' (Attempt 1)
[E 250619 14:37:22 smartWebSocketV2:920] Failed to fetch token for SYMBOL (Quarter Positions) after 5 attempts.
[E 250619 14:37:22 smartWebSocketV2:952] Token not found for Symbol in row 26 (Quarter Positions). This symbol will be skipped for LTP updates, and not added to excel_symbol_details.
[E 250619 14:38:07 smartWebSocketV2:906] DataException during search for token for SYMBOL (API Search: EXCHANGE, SYMBOL) in row 17 (Focus List): Couldn't parse the JSON response received from the server: b''. Raw content: Couldn't parse the JSON response received from the server: b'' (Attempt 1)
[E 250619 14:38:07 smartWebSocketV2:920] Failed to fetch token for SYMBOL (Focus List) after 5 attempts.
[E 250619 14:38:07 smartWebSocketV2:952] Token not found for Symbol in row 17 (Focus List). This symbol will be skipped for LTP updates, and not added to excel_symbol_details.
[E 250619 14:38:07 smartWebSocketV2:906] DataException during search for token for SYMBOL (API Search: EXCHANGE, SYMBOL) in row 17 (Full Positions): Couldn't parse the JSON response received from the server: b'Access denied because of exceeding access rate'. Raw content: Couldn't parse the JSON response received from the server: b'Access denied because of exceeding access rate' (Attempt 1)
[E 250619 14:38:10 smartWebSocketV2:906] DataException during search for token for SYMBOL (API Search: EXCHANGE, SYMBOL) in row 17 (Full Positions): Couldn't parse the JSON response received from the server: b''. Raw content: Couldn't parse the JSON response received from the server: b'' (Attempt 2)
[E 250619 14:38:10 smartWebSocketV2:920] Failed to fetch token for SYMBOL (Full Positions) after 5 attempts.
[E 250619 14:38:10 smartWebSocketV2:952] Token not found for Symbol in row 17 (Full Positions). This symbol will be skipped for LTP updates, and not added to excel_symbol_details.
[E 250619 14:38:10 smartWebSocketV2:906] DataException during search for token for SYMBOL (API Search: EXCHANGE, SYMBOL) in row 26 (Indices): Couldn't parse the JSON response received from the server: b'Access denied because of exceeding access rate'. Raw content: Couldn't parse the JSON response received from the server: b'Access denied because of exceeding access rate' (Attempt 1)
[E 250619 14:38:12 smartWebSocketV2:906] DataException during search for token for SYMBOL (API Search: EXCHANGE, SYMBOL) in row 26 (Indices): Couldn't parse the JSON response received from the server: b''. Raw content: Couldn't parse the JSON response received from the server: b'' (Attempt 2)
[E 250619 14:38:12 smartWebSocketV2:920] Failed to fetch token for SYMBOL (Indices) after 5 attempts.
[E 250619 14:38:12 smartWebSocketV2:952] Token not found for Symbol in row 26 (Indices). This symbol will be skipped for LTP updates, and not added to excel_symbol_details.
[E 250619 14:38:13 smartWebSocketV2:906] DataException during search for token for SYMBOL (API Search: EXCHANGE, SYMBOL) in row 26 (Quarter Positions): Couldn't parse the JSON response received from the server: b''. Raw content: Couldn't parse the JSON response received from the server: b'' (Attempt 1)
[E 250619 14:38:13 smartWebSocketV2:920] Failed to fetch token for SYMBOL (Quarter Positions) after 5 attempts.
[E 250619 14:38:13 smartWebSocketV2:952] Token not found for Symbol in row 26 (Quarter Positions). This symbol will be skipped for LTP updates, and not added to excel_symbol_details.
[E 250619 14:39:18 smartWebSocketV2:906] DataException during search for token for SYMBOL (API Search: EXCHANGE, SYMBOL) in row 17 (Focus List): Couldn't parse the JSON response received from the server: b''. Raw content: Couldn't parse the JSON response received from the server: b'' (Attempt 1)
[E 250619 14:39:18 smartWebSocketV2:920] Failed to fetch token for SYMBOL (Focus List) after 5 attempts.
[E 250619 14:39:18 smartWebSocketV2:952] Token not found for Symbol in row 17 (Focus List). This symbol will be skipped for LTP updates, and not added to excel_symbol_details.
[E 250619 14:39:19 smartWebSocketV2:906] DataException during search for token for SYMBOL (API Search: EXCHANGE, SYMBOL) in row 17 (Full Positions): Couldn't parse the JSON response received from the server: b''. Raw content: Couldn't parse the JSON response received from the server: b'' (Attempt 1)
[E 250619 14:39:19 smartWebSocketV2:920] Failed to fetch token for SYMBOL (Full Positions) after 5 attempts.
[E 250619 14:39:19 smartWebSocketV2:952] Token not found for Symbol in row 17 (Full Positions). This symbol will be skipped for LTP updates, and not added to excel_symbol_details.
[E 250619 14:39:19 smartWebSocketV2:906] DataException during search for token for SYMBOL (API Search: EXCHANGE, SYMBOL) in row 26 (Indices): Couldn't parse the JSON response received from the server: b'Access denied because of exceeding access rate'. Raw content: Couldn't parse the JSON response received from the server: b'Access denied because of exceeding access rate' (Attempt 1)
[E 250619 14:39:21 smartWebSocketV2:906] DataException during search for token for SYMBOL (API Search: EXCHANGE, SYMBOL) in row 26 (Indices): Couldn't parse the JSON response received from the server: b''. Raw content: Couldn't parse the JSON response received from the server: b'' (Attempt 2)
[E 250619 14:39:21 smartWebSocketV2:920] Failed to fetch token for SYMBOL (Indices) after 5 attempts.
[E 250619 14:39:21 smartWebSocketV2:952] Token not found for Symbol in row 26 (Indices). This symbol will be skipped for LTP updates, and not added to excel_symbol_details.
[E 250619 14:39:21 smartWebSocketV2:906] DataException during search for token for SYMBOL (API Search: EXCHANGE, SYMBOL) in row 26 (Quarter Positions): Couldn't parse the JSON response received from the server: b'Access denied because of exceeding access rate'. Raw content: Couldn't parse the JSON response received from the server: b'Access denied because of exceeding access rate' (Attempt 1)
